2023-08-16 03:24:57 | INFO | model_worker | args: Namespace(host='localhost', port=21002, worker_address='http://localhost:21002', controller_address='http://localhost:21001', model_path='lmsys/vicuna-13b-v1.5-16k', revision='main', device='cuda', gpus=None, num_gpus=1, max_gpu_memory=None, load_8bit=False, cpu_offloading=False, gptq_ckpt=None, gptq_wbits=16, gptq_groupsize=-1, gptq_act_order=False, awq_ckpt=None, awq_wbits=16, awq_groupsize=-1, model_names=None, conv_template=None, limit_worker_concurrency=5, stream_interval=2, no_register=False)
2023-08-16 03:24:57 | INFO | model_worker | Loading the model ['vicuna-13b-v1.5-16k'] on worker 4f352137 ...
2023-08-16 03:24:58 | ERROR | stderr | Loading checkpoint shards:   0%|                                                                                                            | 0/3 [00:00<?, ?it/s]
2023-08-16 03:25:03 | ERROR | stderr | Loading checkpoint shards:  33%|█████████████████████████████████▎                                                                  | 1/3 [00:04<00:08,  4.09s/it]
2023-08-16 03:25:07 | ERROR | stderr | Loading checkpoint shards:  67%|██████████████████████████████████████████████████████████████████▋                                 | 2/3 [00:08<00:04,  4.06s/it]
2023-08-16 03:25:09 | ERROR | stderr | Loading checkpoint shards: 100%|████████████████████████████████████████████████████████████████████████████████████████████████████| 3/3 [00:10<00:00,  3.36s/it]
2023-08-16 03:25:09 | ERROR | stderr | Loading checkpoint shards: 100%|████████████████████████████████████████████████████████████████████████████████████████████████████| 3/3 [00:10<00:00,  3.55s/it]
2023-08-16 03:25:09 | ERROR | stderr | 
2023-08-16 03:25:14 | INFO | model_worker | Register to controller
2023-08-16 03:25:14 | ERROR | stderr | [32mINFO[0m:     Started server process [[36m213332[0m]
2023-08-16 03:25:14 | ERROR | stderr | [32mINFO[0m:     Waiting for application startup.
2023-08-16 03:25:14 | ERROR | stderr | [32mINFO[0m:     Application startup complete.
2023-08-16 03:25:14 | ERROR | stderr | [32mINFO[0m:     Uvicorn running on [1mhttp://localhost:21002[0m (Press CTRL+C to quit)
2023-08-16 03:25:59 | INFO | model_worker | Send heart beat. Models: ['vicuna-13b-v1.5-16k']. Semaphore: None. call_ct: 0. worker_id: 4f352137. 
2023-08-16 03:26:44 | INFO | model_worker | Send heart beat. Models: ['vicuna-13b-v1.5-16k']. Semaphore: None. call_ct: 0. worker_id: 4f352137. 
2023-08-16 03:27:29 | INFO | model_worker | Send heart beat. Models: ['vicuna-13b-v1.5-16k']. Semaphore: None. call_ct: 0. worker_id: 4f352137. 
2023-08-16 03:28:14 | INFO | model_worker | Send heart beat. Models: ['vicuna-13b-v1.5-16k']. Semaphore: None. call_ct: 0. worker_id: 4f352137. 
2023-08-16 03:28:59 | INFO | model_worker | Send heart beat. Models: ['vicuna-13b-v1.5-16k']. Semaphore: None. call_ct: 0. worker_id: 4f352137. 
2023-08-16 03:29:44 | INFO | model_worker | Send heart beat. Models: ['vicuna-13b-v1.5-16k']. Semaphore: None. call_ct: 0. worker_id: 4f352137. 
2023-08-16 03:30:29 | INFO | model_worker | Send heart beat. Models: ['vicuna-13b-v1.5-16k']. Semaphore: None. call_ct: 0. worker_id: 4f352137. 
2023-08-16 03:31:14 | INFO | model_worker | Send heart beat. Models: ['vicuna-13b-v1.5-16k']. Semaphore: None. call_ct: 0. worker_id: 4f352137. 
2023-08-16 03:32:00 | INFO | model_worker | Send heart beat. Models: ['vicuna-13b-v1.5-16k']. Semaphore: None. call_ct: 0. worker_id: 4f352137. 
2023-08-16 03:32:45 | INFO | model_worker | Send heart beat. Models: ['vicuna-13b-v1.5-16k']. Semaphore: None. call_ct: 0. worker_id: 4f352137. 
2023-08-16 03:33:30 | INFO | model_worker | Send heart beat. Models: ['vicuna-13b-v1.5-16k']. Semaphore: None. call_ct: 0. worker_id: 4f352137. 
2023-08-16 03:34:15 | INFO | model_worker | Send heart beat. Models: ['vicuna-13b-v1.5-16k']. Semaphore: None. call_ct: 0. worker_id: 4f352137. 
2023-08-16 03:35:00 | INFO | model_worker | Send heart beat. Models: ['vicuna-13b-v1.5-16k']. Semaphore: None. call_ct: 0. worker_id: 4f352137. 
2023-08-16 03:35:45 | INFO | model_worker | Send heart beat. Models: ['vicuna-13b-v1.5-16k']. Semaphore: None. call_ct: 0. worker_id: 4f352137. 
2023-08-16 03:36:30 | INFO | model_worker | Send heart beat. Models: ['vicuna-13b-v1.5-16k']. Semaphore: None. call_ct: 0. worker_id: 4f352137. 
2023-08-16 03:37:15 | INFO | model_worker | Send heart beat. Models: ['vicuna-13b-v1.5-16k']. Semaphore: None. call_ct: 0. worker_id: 4f352137. 
2023-08-16 03:38:00 | INFO | model_worker | Send heart beat. Models: ['vicuna-13b-v1.5-16k']. Semaphore: None. call_ct: 0. worker_id: 4f352137. 
2023-08-16 03:38:45 | INFO | model_worker | Send heart beat. Models: ['vicuna-13b-v1.5-16k']. Semaphore: None. call_ct: 0. worker_id: 4f352137. 
2023-08-16 03:39:30 | INFO | model_worker | Send heart beat. Models: ['vicuna-13b-v1.5-16k']. Semaphore: None. call_ct: 0. worker_id: 4f352137. 
2023-08-16 03:40:15 | INFO | model_worker | Send heart beat. Models: ['vicuna-13b-v1.5-16k']. Semaphore: None. call_ct: 0. worker_id: 4f352137. 
2023-08-16 03:41:00 | INFO | model_worker | Send heart beat. Models: ['vicuna-13b-v1.5-16k']. Semaphore: None. call_ct: 0. worker_id: 4f352137. 
2023-08-16 03:41:45 | INFO | model_worker | Send heart beat. Models: ['vicuna-13b-v1.5-16k']. Semaphore: None. call_ct: 0. worker_id: 4f352137. 
2023-08-16 03:42:06 | INFO | stdout | [32mINFO[0m:     127.0.0.1:52340 - "[1mPOST /model_details HTTP/1.1[0m" [32m200 OK[0m
2023-08-16 03:42:06 | INFO | stdout | [32mINFO[0m:     127.0.0.1:52340 - "[1mPOST /count_token HTTP/1.1[0m" [32m200 OK[0m
2023-08-16 03:42:06 | INFO | stdout | [32mINFO[0m:     127.0.0.1:52352 - "[1mPOST /worker_get_conv_template HTTP/1.1[0m" [32m200 OK[0m
2023-08-16 03:42:21 | INFO | stdout | [32mINFO[0m:     127.0.0.1:52358 - "[1mPOST /worker_generate HTTP/1.1[0m" [32m200 OK[0m
2023-08-16 03:42:30 | INFO | model_worker | Send heart beat. Models: ['vicuna-13b-v1.5-16k']. Semaphore: Semaphore(value=5, locked=False). call_ct: 1. worker_id: 4f352137. 
2023-08-16 03:43:15 | INFO | model_worker | Send heart beat. Models: ['vicuna-13b-v1.5-16k']. Semaphore: Semaphore(value=5, locked=False). call_ct: 1. worker_id: 4f352137. 
2023-08-16 03:43:20 | INFO | stdout | [32mINFO[0m:     127.0.0.1:33366 - "[1mPOST /model_details HTTP/1.1[0m" [32m200 OK[0m
2023-08-16 03:43:20 | INFO | stdout | [32mINFO[0m:     127.0.0.1:33366 - "[1mPOST /count_token HTTP/1.1[0m" [32m200 OK[0m
2023-08-16 03:43:32 | INFO | stdout | [32mINFO[0m:     127.0.0.1:33374 - "[1mPOST /worker_generate HTTP/1.1[0m" [32m200 OK[0m
2023-08-16 03:44:00 | INFO | model_worker | Send heart beat. Models: ['vicuna-13b-v1.5-16k']. Semaphore: Semaphore(value=5, locked=False). call_ct: 2. worker_id: 4f352137. 
2023-08-16 03:44:45 | INFO | model_worker | Send heart beat. Models: ['vicuna-13b-v1.5-16k']. Semaphore: Semaphore(value=5, locked=False). call_ct: 2. worker_id: 4f352137. 
2023-08-16 03:45:30 | INFO | model_worker | Send heart beat. Models: ['vicuna-13b-v1.5-16k']. Semaphore: Semaphore(value=5, locked=False). call_ct: 2. worker_id: 4f352137. 
2023-08-16 03:46:15 | INFO | model_worker | Send heart beat. Models: ['vicuna-13b-v1.5-16k']. Semaphore: Semaphore(value=5, locked=False). call_ct: 2. worker_id: 4f352137. 
2023-08-16 03:47:01 | INFO | model_worker | Send heart beat. Models: ['vicuna-13b-v1.5-16k']. Semaphore: Semaphore(value=5, locked=False). call_ct: 2. worker_id: 4f352137. 
2023-08-16 03:47:46 | INFO | model_worker | Send heart beat. Models: ['vicuna-13b-v1.5-16k']. Semaphore: Semaphore(value=5, locked=False). call_ct: 2. worker_id: 4f352137. 
2023-08-16 03:48:31 | INFO | model_worker | Send heart beat. Models: ['vicuna-13b-v1.5-16k']. Semaphore: Semaphore(value=5, locked=False). call_ct: 2. worker_id: 4f352137. 
2023-08-16 03:49:16 | INFO | model_worker | Send heart beat. Models: ['vicuna-13b-v1.5-16k']. Semaphore: Semaphore(value=5, locked=False). call_ct: 2. worker_id: 4f352137. 
2023-08-16 03:50:01 | INFO | model_worker | Send heart beat. Models: ['vicuna-13b-v1.5-16k']. Semaphore: Semaphore(value=5, locked=False). call_ct: 2. worker_id: 4f352137. 
2023-08-16 03:50:46 | INFO | model_worker | Send heart beat. Models: ['vicuna-13b-v1.5-16k']. Semaphore: Semaphore(value=5, locked=False). call_ct: 2. worker_id: 4f352137. 
2023-08-16 03:51:31 | INFO | model_worker | Send heart beat. Models: ['vicuna-13b-v1.5-16k']. Semaphore: Semaphore(value=5, locked=False). call_ct: 2. worker_id: 4f352137. 
2023-08-16 03:52:16 | INFO | model_worker | Send heart beat. Models: ['vicuna-13b-v1.5-16k']. Semaphore: Semaphore(value=5, locked=False). call_ct: 2. worker_id: 4f352137. 
2023-08-16 03:53:01 | INFO | model_worker | Send heart beat. Models: ['vicuna-13b-v1.5-16k']. Semaphore: Semaphore(value=5, locked=False). call_ct: 2. worker_id: 4f352137. 
2023-08-16 03:53:46 | INFO | model_worker | Send heart beat. Models: ['vicuna-13b-v1.5-16k']. Semaphore: Semaphore(value=5, locked=False). call_ct: 2. worker_id: 4f352137. 
2023-08-16 03:54:31 | INFO | model_worker | Send heart beat. Models: ['vicuna-13b-v1.5-16k']. Semaphore: Semaphore(value=5, locked=False). call_ct: 2. worker_id: 4f352137. 
2023-08-16 03:55:16 | INFO | model_worker | Send heart beat. Models: ['vicuna-13b-v1.5-16k']. Semaphore: Semaphore(value=5, locked=False). call_ct: 2. worker_id: 4f352137. 
2023-08-16 03:56:01 | INFO | model_worker | Send heart beat. Models: ['vicuna-13b-v1.5-16k']. Semaphore: Semaphore(value=5, locked=False). call_ct: 2. worker_id: 4f352137. 
2023-08-16 03:56:46 | INFO | model_worker | Send heart beat. Models: ['vicuna-13b-v1.5-16k']. Semaphore: Semaphore(value=5, locked=False). call_ct: 2. worker_id: 4f352137. 
2023-08-16 03:57:31 | INFO | model_worker | Send heart beat. Models: ['vicuna-13b-v1.5-16k']. Semaphore: Semaphore(value=5, locked=False). call_ct: 2. worker_id: 4f352137. 
2023-08-16 03:58:16 | INFO | model_worker | Send heart beat. Models: ['vicuna-13b-v1.5-16k']. Semaphore: Semaphore(value=5, locked=False). call_ct: 2. worker_id: 4f352137. 
2023-08-16 03:59:01 | INFO | model_worker | Send heart beat. Models: ['vicuna-13b-v1.5-16k']. Semaphore: Semaphore(value=5, locked=False). call_ct: 2. worker_id: 4f352137. 
2023-08-16 03:59:46 | INFO | model_worker | Send heart beat. Models: ['vicuna-13b-v1.5-16k']. Semaphore: Semaphore(value=5, locked=False). call_ct: 2. worker_id: 4f352137. 
2023-08-16 04:00:31 | INFO | model_worker | Send heart beat. Models: ['vicuna-13b-v1.5-16k']. Semaphore: Semaphore(value=5, locked=False). call_ct: 2. worker_id: 4f352137. 
2023-08-16 04:01:16 | INFO | model_worker | Send heart beat. Models: ['vicuna-13b-v1.5-16k']. Semaphore: Semaphore(value=5, locked=False). call_ct: 2. worker_id: 4f352137. 
2023-08-16 04:02:01 | INFO | model_worker | Send heart beat. Models: ['vicuna-13b-v1.5-16k']. Semaphore: Semaphore(value=5, locked=False). call_ct: 2. worker_id: 4f352137. 
2023-08-16 04:02:46 | INFO | model_worker | Send heart beat. Models: ['vicuna-13b-v1.5-16k']. Semaphore: Semaphore(value=5, locked=False). call_ct: 2. worker_id: 4f352137. 
2023-08-16 04:03:31 | INFO | model_worker | Send heart beat. Models: ['vicuna-13b-v1.5-16k']. Semaphore: Semaphore(value=5, locked=False). call_ct: 2. worker_id: 4f352137. 
2023-08-16 04:04:17 | INFO | model_worker | Send heart beat. Models: ['vicuna-13b-v1.5-16k']. Semaphore: Semaphore(value=5, locked=False). call_ct: 2. worker_id: 4f352137. 
2023-08-16 04:05:02 | INFO | model_worker | Send heart beat. Models: ['vicuna-13b-v1.5-16k']. Semaphore: Semaphore(value=5, locked=False). call_ct: 2. worker_id: 4f352137. 
2023-08-16 04:05:47 | INFO | model_worker | Send heart beat. Models: ['vicuna-13b-v1.5-16k']. Semaphore: Semaphore(value=5, locked=False). call_ct: 2. worker_id: 4f352137. 
2023-08-16 04:06:32 | INFO | model_worker | Send heart beat. Models: ['vicuna-13b-v1.5-16k']. Semaphore: Semaphore(value=5, locked=False). call_ct: 2. worker_id: 4f352137. 
2023-08-16 04:07:17 | INFO | model_worker | Send heart beat. Models: ['vicuna-13b-v1.5-16k']. Semaphore: Semaphore(value=5, locked=False). call_ct: 2. worker_id: 4f352137. 
2023-08-16 04:08:02 | INFO | model_worker | Send heart beat. Models: ['vicuna-13b-v1.5-16k']. Semaphore: Semaphore(value=5, locked=False). call_ct: 2. worker_id: 4f352137. 
2023-08-16 04:08:47 | INFO | model_worker | Send heart beat. Models: ['vicuna-13b-v1.5-16k']. Semaphore: Semaphore(value=5, locked=False). call_ct: 2. worker_id: 4f352137. 
2023-08-16 04:09:32 | INFO | model_worker | Send heart beat. Models: ['vicuna-13b-v1.5-16k']. Semaphore: Semaphore(value=5, locked=False). call_ct: 2. worker_id: 4f352137. 
2023-08-16 04:10:17 | INFO | model_worker | Send heart beat. Models: ['vicuna-13b-v1.5-16k']. Semaphore: Semaphore(value=5, locked=False). call_ct: 2. worker_id: 4f352137. 
2023-08-16 04:11:02 | INFO | model_worker | Send heart beat. Models: ['vicuna-13b-v1.5-16k']. Semaphore: Semaphore(value=5, locked=False). call_ct: 2. worker_id: 4f352137. 
2023-08-16 04:11:47 | INFO | model_worker | Send heart beat. Models: ['vicuna-13b-v1.5-16k']. Semaphore: Semaphore(value=5, locked=False). call_ct: 2. worker_id: 4f352137. 
2023-08-16 04:12:32 | INFO | model_worker | Send heart beat. Models: ['vicuna-13b-v1.5-16k']. Semaphore: Semaphore(value=5, locked=False). call_ct: 2. worker_id: 4f352137. 
2023-08-16 04:13:17 | INFO | model_worker | Send heart beat. Models: ['vicuna-13b-v1.5-16k']. Semaphore: Semaphore(value=5, locked=False). call_ct: 2. worker_id: 4f352137. 
2023-08-16 04:14:02 | INFO | model_worker | Send heart beat. Models: ['vicuna-13b-v1.5-16k']. Semaphore: Semaphore(value=5, locked=False). call_ct: 2. worker_id: 4f352137. 
2023-08-16 04:14:47 | INFO | model_worker | Send heart beat. Models: ['vicuna-13b-v1.5-16k']. Semaphore: Semaphore(value=5, locked=False). call_ct: 2. worker_id: 4f352137. 
2023-08-16 04:15:32 | INFO | model_worker | Send heart beat. Models: ['vicuna-13b-v1.5-16k']. Semaphore: Semaphore(value=5, locked=False). call_ct: 2. worker_id: 4f352137. 
2023-08-16 04:16:17 | INFO | model_worker | Send heart beat. Models: ['vicuna-13b-v1.5-16k']. Semaphore: Semaphore(value=5, locked=False). call_ct: 2. worker_id: 4f352137. 
2023-08-16 04:16:20 | INFO | stdout | [32mINFO[0m:     127.0.0.1:39118 - "[1mPOST /model_details HTTP/1.1[0m" [32m200 OK[0m
2023-08-16 04:16:20 | INFO | stdout | [32mINFO[0m:     127.0.0.1:39118 - "[1mPOST /count_token HTTP/1.1[0m" [32m200 OK[0m
2023-08-16 04:16:23 | INFO | stdout | [32mINFO[0m:     127.0.0.1:39126 - "[1mPOST /worker_generate HTTP/1.1[0m" [32m200 OK[0m
2023-08-16 04:17:02 | INFO | model_worker | Send heart beat. Models: ['vicuna-13b-v1.5-16k']. Semaphore: Semaphore(value=5, locked=False). call_ct: 3. worker_id: 4f352137. 
2023-08-16 04:17:47 | INFO | model_worker | Send heart beat. Models: ['vicuna-13b-v1.5-16k']. Semaphore: Semaphore(value=5, locked=False). call_ct: 3. worker_id: 4f352137. 
2023-08-16 04:18:32 | INFO | model_worker | Send heart beat. Models: ['vicuna-13b-v1.5-16k']. Semaphore: Semaphore(value=5, locked=False). call_ct: 3. worker_id: 4f352137. 
2023-08-16 04:19:17 | INFO | model_worker | Send heart beat. Models: ['vicuna-13b-v1.5-16k']. Semaphore: Semaphore(value=5, locked=False). call_ct: 3. worker_id: 4f352137. 
2023-08-16 04:20:02 | INFO | model_worker | Send heart beat. Models: ['vicuna-13b-v1.5-16k']. Semaphore: Semaphore(value=5, locked=False). call_ct: 3. worker_id: 4f352137. 
2023-08-16 04:20:48 | INFO | model_worker | Send heart beat. Models: ['vicuna-13b-v1.5-16k']. Semaphore: Semaphore(value=5, locked=False). call_ct: 3. worker_id: 4f352137. 
2023-08-16 04:21:33 | INFO | model_worker | Send heart beat. Models: ['vicuna-13b-v1.5-16k']. Semaphore: Semaphore(value=5, locked=False). call_ct: 3. worker_id: 4f352137. 
2023-08-16 04:22:18 | INFO | model_worker | Send heart beat. Models: ['vicuna-13b-v1.5-16k']. Semaphore: Semaphore(value=5, locked=False). call_ct: 3. worker_id: 4f352137. 
2023-08-16 04:23:03 | INFO | model_worker | Send heart beat. Models: ['vicuna-13b-v1.5-16k']. Semaphore: Semaphore(value=5, locked=False). call_ct: 3. worker_id: 4f352137. 
2023-08-16 04:23:48 | INFO | model_worker | Send heart beat. Models: ['vicuna-13b-v1.5-16k']. Semaphore: Semaphore(value=5, locked=False). call_ct: 3. worker_id: 4f352137. 
2023-08-16 04:24:33 | INFO | model_worker | Send heart beat. Models: ['vicuna-13b-v1.5-16k']. Semaphore: Semaphore(value=5, locked=False). call_ct: 3. worker_id: 4f352137. 
2023-08-16 04:25:18 | INFO | model_worker | Send heart beat. Models: ['vicuna-13b-v1.5-16k']. Semaphore: Semaphore(value=5, locked=False). call_ct: 3. worker_id: 4f352137. 
2023-08-16 04:26:03 | INFO | model_worker | Send heart beat. Models: ['vicuna-13b-v1.5-16k']. Semaphore: Semaphore(value=5, locked=False). call_ct: 3. worker_id: 4f352137. 
2023-08-16 04:26:48 | INFO | model_worker | Send heart beat. Models: ['vicuna-13b-v1.5-16k']. Semaphore: Semaphore(value=5, locked=False). call_ct: 3. worker_id: 4f352137. 
2023-08-16 04:27:33 | INFO | model_worker | Send heart beat. Models: ['vicuna-13b-v1.5-16k']. Semaphore: Semaphore(value=5, locked=False). call_ct: 3. worker_id: 4f352137. 
2023-08-16 04:28:18 | INFO | model_worker | Send heart beat. Models: ['vicuna-13b-v1.5-16k']. Semaphore: Semaphore(value=5, locked=False). call_ct: 3. worker_id: 4f352137. 
2023-08-16 04:29:03 | INFO | model_worker | Send heart beat. Models: ['vicuna-13b-v1.5-16k']. Semaphore: Semaphore(value=5, locked=False). call_ct: 3. worker_id: 4f352137. 
2023-08-16 04:29:48 | INFO | model_worker | Send heart beat. Models: ['vicuna-13b-v1.5-16k']. Semaphore: Semaphore(value=5, locked=False). call_ct: 3. worker_id: 4f352137. 
2023-08-16 04:30:33 | INFO | model_worker | Send heart beat. Models: ['vicuna-13b-v1.5-16k']. Semaphore: Semaphore(value=5, locked=False). call_ct: 3. worker_id: 4f352137. 
2023-08-16 04:31:18 | INFO | model_worker | Send heart beat. Models: ['vicuna-13b-v1.5-16k']. Semaphore: Semaphore(value=5, locked=False). call_ct: 3. worker_id: 4f352137. 
2023-08-16 04:32:03 | INFO | model_worker | Send heart beat. Models: ['vicuna-13b-v1.5-16k']. Semaphore: Semaphore(value=5, locked=False). call_ct: 3. worker_id: 4f352137. 
2023-08-16 04:32:48 | INFO | model_worker | Send heart beat. Models: ['vicuna-13b-v1.5-16k']. Semaphore: Semaphore(value=5, locked=False). call_ct: 3. worker_id: 4f352137. 
2023-08-16 04:33:33 | INFO | model_worker | Send heart beat. Models: ['vicuna-13b-v1.5-16k']. Semaphore: Semaphore(value=5, locked=False). call_ct: 3. worker_id: 4f352137. 
2023-08-16 04:34:18 | INFO | model_worker | Send heart beat. Models: ['vicuna-13b-v1.5-16k']. Semaphore: Semaphore(value=5, locked=False). call_ct: 3. worker_id: 4f352137. 
2023-08-16 04:35:04 | INFO | model_worker | Send heart beat. Models: ['vicuna-13b-v1.5-16k']. Semaphore: Semaphore(value=5, locked=False). call_ct: 3. worker_id: 4f352137. 
2023-08-16 04:35:49 | INFO | model_worker | Send heart beat. Models: ['vicuna-13b-v1.5-16k']. Semaphore: Semaphore(value=5, locked=False). call_ct: 3. worker_id: 4f352137. 
2023-08-16 04:36:34 | INFO | model_worker | Send heart beat. Models: ['vicuna-13b-v1.5-16k']. Semaphore: Semaphore(value=5, locked=False). call_ct: 3. worker_id: 4f352137. 
2023-08-16 04:37:19 | INFO | model_worker | Send heart beat. Models: ['vicuna-13b-v1.5-16k']. Semaphore: Semaphore(value=5, locked=False). call_ct: 3. worker_id: 4f352137. 
2023-08-16 04:38:04 | INFO | model_worker | Send heart beat. Models: ['vicuna-13b-v1.5-16k']. Semaphore: Semaphore(value=5, locked=False). call_ct: 3. worker_id: 4f352137. 
2023-08-16 04:38:49 | INFO | model_worker | Send heart beat. Models: ['vicuna-13b-v1.5-16k']. Semaphore: Semaphore(value=5, locked=False). call_ct: 3. worker_id: 4f352137. 
2023-08-16 04:39:34 | INFO | model_worker | Send heart beat. Models: ['vicuna-13b-v1.5-16k']. Semaphore: Semaphore(value=5, locked=False). call_ct: 3. worker_id: 4f352137. 
2023-08-16 04:40:19 | INFO | model_worker | Send heart beat. Models: ['vicuna-13b-v1.5-16k']. Semaphore: Semaphore(value=5, locked=False). call_ct: 3. worker_id: 4f352137. 
2023-08-16 04:41:04 | INFO | model_worker | Send heart beat. Models: ['vicuna-13b-v1.5-16k']. Semaphore: Semaphore(value=5, locked=False). call_ct: 3. worker_id: 4f352137. 
2023-08-16 04:41:49 | INFO | model_worker | Send heart beat. Models: ['vicuna-13b-v1.5-16k']. Semaphore: Semaphore(value=5, locked=False). call_ct: 3. worker_id: 4f352137. 
2023-08-16 04:42:34 | INFO | model_worker | Send heart beat. Models: ['vicuna-13b-v1.5-16k']. Semaphore: Semaphore(value=5, locked=False). call_ct: 3. worker_id: 4f352137. 
2023-08-16 04:43:19 | INFO | model_worker | Send heart beat. Models: ['vicuna-13b-v1.5-16k']. Semaphore: Semaphore(value=5, locked=False). call_ct: 3. worker_id: 4f352137. 
2023-08-16 04:44:04 | INFO | model_worker | Send heart beat. Models: ['vicuna-13b-v1.5-16k']. Semaphore: Semaphore(value=5, locked=False). call_ct: 3. worker_id: 4f352137. 
2023-08-16 04:44:49 | INFO | model_worker | Send heart beat. Models: ['vicuna-13b-v1.5-16k']. Semaphore: Semaphore(value=5, locked=False). call_ct: 3. worker_id: 4f352137. 
2023-08-16 04:45:34 | INFO | model_worker | Send heart beat. Models: ['vicuna-13b-v1.5-16k']. Semaphore: Semaphore(value=5, locked=False). call_ct: 3. worker_id: 4f352137. 
2023-08-16 04:46:19 | INFO | model_worker | Send heart beat. Models: ['vicuna-13b-v1.5-16k']. Semaphore: Semaphore(value=5, locked=False). call_ct: 3. worker_id: 4f352137. 
2023-08-16 04:47:04 | INFO | model_worker | Send heart beat. Models: ['vicuna-13b-v1.5-16k']. Semaphore: Semaphore(value=5, locked=False). call_ct: 3. worker_id: 4f352137. 
2023-08-16 04:47:49 | INFO | model_worker | Send heart beat. Models: ['vicuna-13b-v1.5-16k']. Semaphore: Semaphore(value=5, locked=False). call_ct: 3. worker_id: 4f352137. 
2023-08-16 04:48:34 | INFO | model_worker | Send heart beat. Models: ['vicuna-13b-v1.5-16k']. Semaphore: Semaphore(value=5, locked=False). call_ct: 3. worker_id: 4f352137. 
2023-08-16 04:49:20 | INFO | model_worker | Send heart beat. Models: ['vicuna-13b-v1.5-16k']. Semaphore: Semaphore(value=5, locked=False). call_ct: 3. worker_id: 4f352137. 
2023-08-16 04:50:05 | INFO | model_worker | Send heart beat. Models: ['vicuna-13b-v1.5-16k']. Semaphore: Semaphore(value=5, locked=False). call_ct: 3. worker_id: 4f352137. 
2023-08-16 04:50:50 | INFO | model_worker | Send heart beat. Models: ['vicuna-13b-v1.5-16k']. Semaphore: Semaphore(value=5, locked=False). call_ct: 3. worker_id: 4f352137. 
2023-08-16 04:51:35 | INFO | model_worker | Send heart beat. Models: ['vicuna-13b-v1.5-16k']. Semaphore: Semaphore(value=5, locked=False). call_ct: 3. worker_id: 4f352137. 
2023-08-16 04:52:20 | INFO | model_worker | Send heart beat. Models: ['vicuna-13b-v1.5-16k']. Semaphore: Semaphore(value=5, locked=False). call_ct: 3. worker_id: 4f352137. 
2023-08-16 04:53:05 | INFO | model_worker | Send heart beat. Models: ['vicuna-13b-v1.5-16k']. Semaphore: Semaphore(value=5, locked=False). call_ct: 3. worker_id: 4f352137. 
2023-08-16 04:53:50 | INFO | model_worker | Send heart beat. Models: ['vicuna-13b-v1.5-16k']. Semaphore: Semaphore(value=5, locked=False). call_ct: 3. worker_id: 4f352137. 
2023-08-16 04:54:35 | INFO | model_worker | Send heart beat. Models: ['vicuna-13b-v1.5-16k']. Semaphore: Semaphore(value=5, locked=False). call_ct: 3. worker_id: 4f352137. 
2023-08-16 04:55:20 | INFO | model_worker | Send heart beat. Models: ['vicuna-13b-v1.5-16k']. Semaphore: Semaphore(value=5, locked=False). call_ct: 3. worker_id: 4f352137. 
2023-08-16 04:56:05 | INFO | model_worker | Send heart beat. Models: ['vicuna-13b-v1.5-16k']. Semaphore: Semaphore(value=5, locked=False). call_ct: 3. worker_id: 4f352137. 
2023-08-16 04:56:50 | INFO | model_worker | Send heart beat. Models: ['vicuna-13b-v1.5-16k']. Semaphore: Semaphore(value=5, locked=False). call_ct: 3. worker_id: 4f352137. 
2023-08-16 04:57:35 | INFO | model_worker | Send heart beat. Models: ['vicuna-13b-v1.5-16k']. Semaphore: Semaphore(value=5, locked=False). call_ct: 3. worker_id: 4f352137. 
2023-08-16 04:58:20 | INFO | model_worker | Send heart beat. Models: ['vicuna-13b-v1.5-16k']. Semaphore: Semaphore(value=5, locked=False). call_ct: 3. worker_id: 4f352137. 
2023-08-16 04:59:05 | INFO | model_worker | Send heart beat. Models: ['vicuna-13b-v1.5-16k']. Semaphore: Semaphore(value=5, locked=False). call_ct: 3. worker_id: 4f352137. 
2023-08-16 04:59:50 | INFO | model_worker | Send heart beat. Models: ['vicuna-13b-v1.5-16k']. Semaphore: Semaphore(value=5, locked=False). call_ct: 3. worker_id: 4f352137. 
2023-08-16 05:00:35 | INFO | model_worker | Send heart beat. Models: ['vicuna-13b-v1.5-16k']. Semaphore: Semaphore(value=5, locked=False). call_ct: 3. worker_id: 4f352137. 
2023-08-16 05:01:20 | INFO | model_worker | Send heart beat. Models: ['vicuna-13b-v1.5-16k']. Semaphore: Semaphore(value=5, locked=False). call_ct: 3. worker_id: 4f352137. 
2023-08-16 05:02:05 | INFO | model_worker | Send heart beat. Models: ['vicuna-13b-v1.5-16k']. Semaphore: Semaphore(value=5, locked=False). call_ct: 3. worker_id: 4f352137. 
2023-08-16 05:02:50 | INFO | model_worker | Send heart beat. Models: ['vicuna-13b-v1.5-16k']. Semaphore: Semaphore(value=5, locked=False). call_ct: 3. worker_id: 4f352137. 
2023-08-16 05:03:35 | INFO | model_worker | Send heart beat. Models: ['vicuna-13b-v1.5-16k']. Semaphore: Semaphore(value=5, locked=False). call_ct: 3. worker_id: 4f352137. 
2023-08-16 05:04:21 | INFO | model_worker | Send heart beat. Models: ['vicuna-13b-v1.5-16k']. Semaphore: Semaphore(value=5, locked=False). call_ct: 3. worker_id: 4f352137. 
2023-08-16 05:05:06 | INFO | model_worker | Send heart beat. Models: ['vicuna-13b-v1.5-16k']. Semaphore: Semaphore(value=5, locked=False). call_ct: 3. worker_id: 4f352137. 
2023-08-16 05:05:51 | INFO | model_worker | Send heart beat. Models: ['vicuna-13b-v1.5-16k']. Semaphore: Semaphore(value=5, locked=False). call_ct: 3. worker_id: 4f352137. 
2023-08-16 05:06:36 | INFO | model_worker | Send heart beat. Models: ['vicuna-13b-v1.5-16k']. Semaphore: Semaphore(value=5, locked=False). call_ct: 3. worker_id: 4f352137. 
2023-08-16 05:07:21 | INFO | model_worker | Send heart beat. Models: ['vicuna-13b-v1.5-16k']. Semaphore: Semaphore(value=5, locked=False). call_ct: 3. worker_id: 4f352137. 
2023-08-16 05:08:06 | INFO | model_worker | Send heart beat. Models: ['vicuna-13b-v1.5-16k']. Semaphore: Semaphore(value=5, locked=False). call_ct: 3. worker_id: 4f352137. 
2023-08-16 05:08:51 | INFO | model_worker | Send heart beat. Models: ['vicuna-13b-v1.5-16k']. Semaphore: Semaphore(value=5, locked=False). call_ct: 3. worker_id: 4f352137. 
2023-08-16 05:09:36 | INFO | model_worker | Send heart beat. Models: ['vicuna-13b-v1.5-16k']. Semaphore: Semaphore(value=5, locked=False). call_ct: 3. worker_id: 4f352137. 
2023-08-16 05:10:21 | INFO | model_worker | Send heart beat. Models: ['vicuna-13b-v1.5-16k']. Semaphore: Semaphore(value=5, locked=False). call_ct: 3. worker_id: 4f352137. 
2023-08-16 05:11:06 | INFO | model_worker | Send heart beat. Models: ['vicuna-13b-v1.5-16k']. Semaphore: Semaphore(value=5, locked=False). call_ct: 3. worker_id: 4f352137. 
2023-08-16 05:11:51 | INFO | model_worker | Send heart beat. Models: ['vicuna-13b-v1.5-16k']. Semaphore: Semaphore(value=5, locked=False). call_ct: 3. worker_id: 4f352137. 
2023-08-16 05:12:36 | INFO | model_worker | Send heart beat. Models: ['vicuna-13b-v1.5-16k']. Semaphore: Semaphore(value=5, locked=False). call_ct: 3. worker_id: 4f352137. 
2023-08-16 05:13:21 | INFO | model_worker | Send heart beat. Models: ['vicuna-13b-v1.5-16k']. Semaphore: Semaphore(value=5, locked=False). call_ct: 3. worker_id: 4f352137. 
2023-08-16 05:14:06 | INFO | model_worker | Send heart beat. Models: ['vicuna-13b-v1.5-16k']. Semaphore: Semaphore(value=5, locked=False). call_ct: 3. worker_id: 4f352137. 
2023-08-16 05:14:51 | INFO | model_worker | Send heart beat. Models: ['vicuna-13b-v1.5-16k']. Semaphore: Semaphore(value=5, locked=False). call_ct: 3. worker_id: 4f352137. 
2023-08-16 05:15:36 | INFO | model_worker | Send heart beat. Models: ['vicuna-13b-v1.5-16k']. Semaphore: Semaphore(value=5, locked=False). call_ct: 3. worker_id: 4f352137. 
2023-08-16 05:16:21 | INFO | model_worker | Send heart beat. Models: ['vicuna-13b-v1.5-16k']. Semaphore: Semaphore(value=5, locked=False). call_ct: 3. worker_id: 4f352137. 
2023-08-16 05:17:06 | INFO | model_worker | Send heart beat. Models: ['vicuna-13b-v1.5-16k']. Semaphore: Semaphore(value=5, locked=False). call_ct: 3. worker_id: 4f352137. 
2023-08-16 05:17:51 | INFO | model_worker | Send heart beat. Models: ['vicuna-13b-v1.5-16k']. Semaphore: Semaphore(value=5, locked=False). call_ct: 3. worker_id: 4f352137. 
2023-08-16 05:18:36 | INFO | model_worker | Send heart beat. Models: ['vicuna-13b-v1.5-16k']. Semaphore: Semaphore(value=5, locked=False). call_ct: 3. worker_id: 4f352137. 
2023-08-16 05:19:22 | INFO | model_worker | Send heart beat. Models: ['vicuna-13b-v1.5-16k']. Semaphore: Semaphore(value=5, locked=False). call_ct: 3. worker_id: 4f352137. 
2023-08-16 05:20:07 | INFO | model_worker | Send heart beat. Models: ['vicuna-13b-v1.5-16k']. Semaphore: Semaphore(value=5, locked=False). call_ct: 3. worker_id: 4f352137. 
2023-08-16 05:20:52 | INFO | model_worker | Send heart beat. Models: ['vicuna-13b-v1.5-16k']. Semaphore: Semaphore(value=5, locked=False). call_ct: 3. worker_id: 4f352137. 
2023-08-16 05:21:37 | INFO | model_worker | Send heart beat. Models: ['vicuna-13b-v1.5-16k']. Semaphore: Semaphore(value=5, locked=False). call_ct: 3. worker_id: 4f352137. 
2023-08-16 05:22:22 | INFO | model_worker | Send heart beat. Models: ['vicuna-13b-v1.5-16k']. Semaphore: Semaphore(value=5, locked=False). call_ct: 3. worker_id: 4f352137. 
2023-08-16 05:23:07 | INFO | model_worker | Send heart beat. Models: ['vicuna-13b-v1.5-16k']. Semaphore: Semaphore(value=5, locked=False). call_ct: 3. worker_id: 4f352137. 
2023-08-16 05:23:52 | INFO | model_worker | Send heart beat. Models: ['vicuna-13b-v1.5-16k']. Semaphore: Semaphore(value=5, locked=False). call_ct: 3. worker_id: 4f352137. 
2023-08-16 05:24:37 | INFO | model_worker | Send heart beat. Models: ['vicuna-13b-v1.5-16k']. Semaphore: Semaphore(value=5, locked=False). call_ct: 3. worker_id: 4f352137. 
2023-08-16 05:25:22 | INFO | model_worker | Send heart beat. Models: ['vicuna-13b-v1.5-16k']. Semaphore: Semaphore(value=5, locked=False). call_ct: 3. worker_id: 4f352137. 
2023-08-16 05:26:07 | INFO | model_worker | Send heart beat. Models: ['vicuna-13b-v1.5-16k']. Semaphore: Semaphore(value=5, locked=False). call_ct: 3. worker_id: 4f352137. 
2023-08-16 05:26:52 | INFO | model_worker | Send heart beat. Models: ['vicuna-13b-v1.5-16k']. Semaphore: Semaphore(value=5, locked=False). call_ct: 3. worker_id: 4f352137. 
2023-08-16 05:27:37 | INFO | model_worker | Send heart beat. Models: ['vicuna-13b-v1.5-16k']. Semaphore: Semaphore(value=5, locked=False). call_ct: 3. worker_id: 4f352137. 
2023-08-16 05:28:22 | INFO | model_worker | Send heart beat. Models: ['vicuna-13b-v1.5-16k']. Semaphore: Semaphore(value=5, locked=False). call_ct: 3. worker_id: 4f352137. 
2023-08-16 05:29:07 | INFO | model_worker | Send heart beat. Models: ['vicuna-13b-v1.5-16k']. Semaphore: Semaphore(value=5, locked=False). call_ct: 3. worker_id: 4f352137. 
2023-08-16 05:29:52 | INFO | model_worker | Send heart beat. Models: ['vicuna-13b-v1.5-16k']. Semaphore: Semaphore(value=5, locked=False). call_ct: 3. worker_id: 4f352137. 
2023-08-16 05:30:37 | INFO | model_worker | Send heart beat. Models: ['vicuna-13b-v1.5-16k']. Semaphore: Semaphore(value=5, locked=False). call_ct: 3. worker_id: 4f352137. 
2023-08-16 05:31:22 | INFO | model_worker | Send heart beat. Models: ['vicuna-13b-v1.5-16k']. Semaphore: Semaphore(value=5, locked=False). call_ct: 3. worker_id: 4f352137. 
2023-08-16 05:32:07 | INFO | model_worker | Send heart beat. Models: ['vicuna-13b-v1.5-16k']. Semaphore: Semaphore(value=5, locked=False). call_ct: 3. worker_id: 4f352137. 
2023-08-16 05:32:52 | INFO | model_worker | Send heart beat. Models: ['vicuna-13b-v1.5-16k']. Semaphore: Semaphore(value=5, locked=False). call_ct: 3. worker_id: 4f352137. 
2023-08-16 05:33:38 | INFO | model_worker | Send heart beat. Models: ['vicuna-13b-v1.5-16k']. Semaphore: Semaphore(value=5, locked=False). call_ct: 3. worker_id: 4f352137. 
2023-08-16 05:34:23 | INFO | model_worker | Send heart beat. Models: ['vicuna-13b-v1.5-16k']. Semaphore: Semaphore(value=5, locked=False). call_ct: 3. worker_id: 4f352137. 
2023-08-16 05:35:08 | INFO | model_worker | Send heart beat. Models: ['vicuna-13b-v1.5-16k']. Semaphore: Semaphore(value=5, locked=False). call_ct: 3. worker_id: 4f352137. 
2023-08-16 05:35:53 | INFO | model_worker | Send heart beat. Models: ['vicuna-13b-v1.5-16k']. Semaphore: Semaphore(value=5, locked=False). call_ct: 3. worker_id: 4f352137. 
2023-08-16 05:36:38 | INFO | model_worker | Send heart beat. Models: ['vicuna-13b-v1.5-16k']. Semaphore: Semaphore(value=5, locked=False). call_ct: 3. worker_id: 4f352137. 
2023-08-16 05:37:23 | INFO | model_worker | Send heart beat. Models: ['vicuna-13b-v1.5-16k']. Semaphore: Semaphore(value=5, locked=False). call_ct: 3. worker_id: 4f352137. 
2023-08-16 05:38:08 | INFO | model_worker | Send heart beat. Models: ['vicuna-13b-v1.5-16k']. Semaphore: Semaphore(value=5, locked=False). call_ct: 3. worker_id: 4f352137. 
2023-08-16 05:38:53 | INFO | model_worker | Send heart beat. Models: ['vicuna-13b-v1.5-16k']. Semaphore: Semaphore(value=5, locked=False). call_ct: 3. worker_id: 4f352137. 
2023-08-16 05:39:38 | INFO | model_worker | Send heart beat. Models: ['vicuna-13b-v1.5-16k']. Semaphore: Semaphore(value=5, locked=False). call_ct: 3. worker_id: 4f352137. 
2023-08-16 05:40:23 | INFO | model_worker | Send heart beat. Models: ['vicuna-13b-v1.5-16k']. Semaphore: Semaphore(value=5, locked=False). call_ct: 3. worker_id: 4f352137. 
2023-08-16 05:41:08 | INFO | model_worker | Send heart beat. Models: ['vicuna-13b-v1.5-16k']. Semaphore: Semaphore(value=5, locked=False). call_ct: 3. worker_id: 4f352137. 
2023-08-16 05:41:53 | INFO | model_worker | Send heart beat. Models: ['vicuna-13b-v1.5-16k']. Semaphore: Semaphore(value=5, locked=False). call_ct: 3. worker_id: 4f352137. 
2023-08-16 05:42:38 | INFO | model_worker | Send heart beat. Models: ['vicuna-13b-v1.5-16k']. Semaphore: Semaphore(value=5, locked=False). call_ct: 3. worker_id: 4f352137. 
2023-08-16 05:43:23 | INFO | model_worker | Send heart beat. Models: ['vicuna-13b-v1.5-16k']. Semaphore: Semaphore(value=5, locked=False). call_ct: 3. worker_id: 4f352137. 
2023-08-16 05:44:08 | INFO | model_worker | Send heart beat. Models: ['vicuna-13b-v1.5-16k']. Semaphore: Semaphore(value=5, locked=False). call_ct: 3. worker_id: 4f352137. 
2023-08-16 05:44:53 | INFO | model_worker | Send heart beat. Models: ['vicuna-13b-v1.5-16k']. Semaphore: Semaphore(value=5, locked=False). call_ct: 3. worker_id: 4f352137. 
2023-08-16 05:45:38 | INFO | model_worker | Send heart beat. Models: ['vicuna-13b-v1.5-16k']. Semaphore: Semaphore(value=5, locked=False). call_ct: 3. worker_id: 4f352137. 
2023-08-16 05:46:23 | INFO | model_worker | Send heart beat. Models: ['vicuna-13b-v1.5-16k']. Semaphore: Semaphore(value=5, locked=False). call_ct: 3. worker_id: 4f352137. 
2023-08-16 05:47:08 | INFO | model_worker | Send heart beat. Models: ['vicuna-13b-v1.5-16k']. Semaphore: Semaphore(value=5, locked=False). call_ct: 3. worker_id: 4f352137. 
2023-08-16 05:47:54 | INFO | model_worker | Send heart beat. Models: ['vicuna-13b-v1.5-16k']. Semaphore: Semaphore(value=5, locked=False). call_ct: 3. worker_id: 4f352137. 
2023-08-16 05:48:39 | INFO | model_worker | Send heart beat. Models: ['vicuna-13b-v1.5-16k']. Semaphore: Semaphore(value=5, locked=False). call_ct: 3. worker_id: 4f352137. 
2023-08-16 05:49:24 | INFO | model_worker | Send heart beat. Models: ['vicuna-13b-v1.5-16k']. Semaphore: Semaphore(value=5, locked=False). call_ct: 3. worker_id: 4f352137. 
2023-08-16 05:50:09 | INFO | model_worker | Send heart beat. Models: ['vicuna-13b-v1.5-16k']. Semaphore: Semaphore(value=5, locked=False). call_ct: 3. worker_id: 4f352137. 
2023-08-16 05:50:54 | INFO | model_worker | Send heart beat. Models: ['vicuna-13b-v1.5-16k']. Semaphore: Semaphore(value=5, locked=False). call_ct: 3. worker_id: 4f352137. 
2023-08-16 05:51:39 | INFO | model_worker | Send heart beat. Models: ['vicuna-13b-v1.5-16k']. Semaphore: Semaphore(value=5, locked=False). call_ct: 3. worker_id: 4f352137. 
2023-08-16 05:52:24 | INFO | model_worker | Send heart beat. Models: ['vicuna-13b-v1.5-16k']. Semaphore: Semaphore(value=5, locked=False). call_ct: 3. worker_id: 4f352137. 
2023-08-16 05:53:09 | INFO | model_worker | Send heart beat. Models: ['vicuna-13b-v1.5-16k']. Semaphore: Semaphore(value=5, locked=False). call_ct: 3. worker_id: 4f352137. 
2023-08-16 05:53:54 | INFO | model_worker | Send heart beat. Models: ['vicuna-13b-v1.5-16k']. Semaphore: Semaphore(value=5, locked=False). call_ct: 3. worker_id: 4f352137. 
2023-08-16 05:54:39 | INFO | model_worker | Send heart beat. Models: ['vicuna-13b-v1.5-16k']. Semaphore: Semaphore(value=5, locked=False). call_ct: 3. worker_id: 4f352137. 
2023-08-16 05:55:24 | INFO | model_worker | Send heart beat. Models: ['vicuna-13b-v1.5-16k']. Semaphore: Semaphore(value=5, locked=False). call_ct: 3. worker_id: 4f352137. 
2023-08-16 05:56:09 | INFO | model_worker | Send heart beat. Models: ['vicuna-13b-v1.5-16k']. Semaphore: Semaphore(value=5, locked=False). call_ct: 3. worker_id: 4f352137. 
2023-08-16 05:56:54 | INFO | model_worker | Send heart beat. Models: ['vicuna-13b-v1.5-16k']. Semaphore: Semaphore(value=5, locked=False). call_ct: 3. worker_id: 4f352137. 
2023-08-16 05:57:39 | INFO | model_worker | Send heart beat. Models: ['vicuna-13b-v1.5-16k']. Semaphore: Semaphore(value=5, locked=False). call_ct: 3. worker_id: 4f352137. 
2023-08-16 05:58:24 | INFO | model_worker | Send heart beat. Models: ['vicuna-13b-v1.5-16k']. Semaphore: Semaphore(value=5, locked=False). call_ct: 3. worker_id: 4f352137. 
2023-08-16 05:59:09 | INFO | model_worker | Send heart beat. Models: ['vicuna-13b-v1.5-16k']. Semaphore: Semaphore(value=5, locked=False). call_ct: 3. worker_id: 4f352137. 
2023-08-16 05:59:54 | INFO | model_worker | Send heart beat. Models: ['vicuna-13b-v1.5-16k']. Semaphore: Semaphore(value=5, locked=False). call_ct: 3. worker_id: 4f352137. 
2023-08-16 06:00:39 | INFO | model_worker | Send heart beat. Models: ['vicuna-13b-v1.5-16k']. Semaphore: Semaphore(value=5, locked=False). call_ct: 3. worker_id: 4f352137. 
2023-08-16 06:01:24 | INFO | model_worker | Send heart beat. Models: ['vicuna-13b-v1.5-16k']. Semaphore: Semaphore(value=5, locked=False). call_ct: 3. worker_id: 4f352137. 
2023-08-16 06:02:09 | INFO | model_worker | Send heart beat. Models: ['vicuna-13b-v1.5-16k']. Semaphore: Semaphore(value=5, locked=False). call_ct: 3. worker_id: 4f352137. 
2023-08-16 06:02:54 | INFO | model_worker | Send heart beat. Models: ['vicuna-13b-v1.5-16k']. Semaphore: Semaphore(value=5, locked=False). call_ct: 3. worker_id: 4f352137. 
2023-08-16 06:03:40 | INFO | model_worker | Send heart beat. Models: ['vicuna-13b-v1.5-16k']. Semaphore: Semaphore(value=5, locked=False). call_ct: 3. worker_id: 4f352137. 
2023-08-16 06:04:25 | INFO | model_worker | Send heart beat. Models: ['vicuna-13b-v1.5-16k']. Semaphore: Semaphore(value=5, locked=False). call_ct: 3. worker_id: 4f352137. 
2023-08-16 06:05:10 | INFO | model_worker | Send heart beat. Models: ['vicuna-13b-v1.5-16k']. Semaphore: Semaphore(value=5, locked=False). call_ct: 3. worker_id: 4f352137. 
2023-08-16 06:05:55 | INFO | model_worker | Send heart beat. Models: ['vicuna-13b-v1.5-16k']. Semaphore: Semaphore(value=5, locked=False). call_ct: 3. worker_id: 4f352137. 
2023-08-16 06:06:40 | INFO | model_worker | Send heart beat. Models: ['vicuna-13b-v1.5-16k']. Semaphore: Semaphore(value=5, locked=False). call_ct: 3. worker_id: 4f352137. 
2023-08-16 06:07:25 | INFO | model_worker | Send heart beat. Models: ['vicuna-13b-v1.5-16k']. Semaphore: Semaphore(value=5, locked=False). call_ct: 3. worker_id: 4f352137. 
2023-08-16 06:08:10 | INFO | model_worker | Send heart beat. Models: ['vicuna-13b-v1.5-16k']. Semaphore: Semaphore(value=5, locked=False). call_ct: 3. worker_id: 4f352137. 
2023-08-16 06:08:55 | INFO | model_worker | Send heart beat. Models: ['vicuna-13b-v1.5-16k']. Semaphore: Semaphore(value=5, locked=False). call_ct: 3. worker_id: 4f352137. 
2023-08-16 06:09:40 | INFO | model_worker | Send heart beat. Models: ['vicuna-13b-v1.5-16k']. Semaphore: Semaphore(value=5, locked=False). call_ct: 3. worker_id: 4f352137. 
2023-08-16 06:10:25 | INFO | model_worker | Send heart beat. Models: ['vicuna-13b-v1.5-16k']. Semaphore: Semaphore(value=5, locked=False). call_ct: 3. worker_id: 4f352137. 
2023-08-16 06:11:10 | INFO | model_worker | Send heart beat. Models: ['vicuna-13b-v1.5-16k']. Semaphore: Semaphore(value=5, locked=False). call_ct: 3. worker_id: 4f352137. 
2023-08-16 06:11:55 | INFO | model_worker | Send heart beat. Models: ['vicuna-13b-v1.5-16k']. Semaphore: Semaphore(value=5, locked=False). call_ct: 3. worker_id: 4f352137. 
2023-08-16 06:12:40 | INFO | model_worker | Send heart beat. Models: ['vicuna-13b-v1.5-16k']. Semaphore: Semaphore(value=5, locked=False). call_ct: 3. worker_id: 4f352137. 
2023-08-16 06:13:25 | INFO | model_worker | Send heart beat. Models: ['vicuna-13b-v1.5-16k']. Semaphore: Semaphore(value=5, locked=False). call_ct: 3. worker_id: 4f352137. 
2023-08-16 06:14:10 | INFO | model_worker | Send heart beat. Models: ['vicuna-13b-v1.5-16k']. Semaphore: Semaphore(value=5, locked=False). call_ct: 3. worker_id: 4f352137. 
2023-08-16 06:14:55 | INFO | model_worker | Send heart beat. Models: ['vicuna-13b-v1.5-16k']. Semaphore: Semaphore(value=5, locked=False). call_ct: 3. worker_id: 4f352137. 
2023-08-16 06:15:40 | INFO | model_worker | Send heart beat. Models: ['vicuna-13b-v1.5-16k']. Semaphore: Semaphore(value=5, locked=False). call_ct: 3. worker_id: 4f352137. 
2023-08-16 06:16:25 | INFO | model_worker | Send heart beat. Models: ['vicuna-13b-v1.5-16k']. Semaphore: Semaphore(value=5, locked=False). call_ct: 3. worker_id: 4f352137. 
2023-08-16 06:17:10 | INFO | model_worker | Send heart beat. Models: ['vicuna-13b-v1.5-16k']. Semaphore: Semaphore(value=5, locked=False). call_ct: 3. worker_id: 4f352137. 
2023-08-16 06:17:56 | INFO | model_worker | Send heart beat. Models: ['vicuna-13b-v1.5-16k']. Semaphore: Semaphore(value=5, locked=False). call_ct: 3. worker_id: 4f352137. 
2023-08-16 06:18:41 | INFO | model_worker | Send heart beat. Models: ['vicuna-13b-v1.5-16k']. Semaphore: Semaphore(value=5, locked=False). call_ct: 3. worker_id: 4f352137. 
2023-08-16 06:19:26 | INFO | model_worker | Send heart beat. Models: ['vicuna-13b-v1.5-16k']. Semaphore: Semaphore(value=5, locked=False). call_ct: 3. worker_id: 4f352137. 
2023-08-16 06:20:11 | INFO | model_worker | Send heart beat. Models: ['vicuna-13b-v1.5-16k']. Semaphore: Semaphore(value=5, locked=False). call_ct: 3. worker_id: 4f352137. 
2023-08-16 06:20:56 | INFO | model_worker | Send heart beat. Models: ['vicuna-13b-v1.5-16k']. Semaphore: Semaphore(value=5, locked=False). call_ct: 3. worker_id: 4f352137. 
2023-08-16 06:21:41 | INFO | model_worker | Send heart beat. Models: ['vicuna-13b-v1.5-16k']. Semaphore: Semaphore(value=5, locked=False). call_ct: 3. worker_id: 4f352137. 
2023-08-16 06:22:26 | INFO | model_worker | Send heart beat. Models: ['vicuna-13b-v1.5-16k']. Semaphore: Semaphore(value=5, locked=False). call_ct: 3. worker_id: 4f352137. 
2023-08-16 06:23:11 | INFO | model_worker | Send heart beat. Models: ['vicuna-13b-v1.5-16k']. Semaphore: Semaphore(value=5, locked=False). call_ct: 3. worker_id: 4f352137. 
2023-08-16 06:23:56 | INFO | model_worker | Send heart beat. Models: ['vicuna-13b-v1.5-16k']. Semaphore: Semaphore(value=5, locked=False). call_ct: 3. worker_id: 4f352137. 
2023-08-16 06:24:41 | INFO | model_worker | Send heart beat. Models: ['vicuna-13b-v1.5-16k']. Semaphore: Semaphore(value=5, locked=False). call_ct: 3. worker_id: 4f352137. 
2023-08-16 06:25:26 | INFO | model_worker | Send heart beat. Models: ['vicuna-13b-v1.5-16k']. Semaphore: Semaphore(value=5, locked=False). call_ct: 3. worker_id: 4f352137. 
2023-08-16 06:26:11 | INFO | model_worker | Send heart beat. Models: ['vicuna-13b-v1.5-16k']. Semaphore: Semaphore(value=5, locked=False). call_ct: 3. worker_id: 4f352137. 
2023-08-16 06:26:56 | INFO | model_worker | Send heart beat. Models: ['vicuna-13b-v1.5-16k']. Semaphore: Semaphore(value=5, locked=False). call_ct: 3. worker_id: 4f352137. 
2023-08-16 06:27:41 | INFO | model_worker | Send heart beat. Models: ['vicuna-13b-v1.5-16k']. Semaphore: Semaphore(value=5, locked=False). call_ct: 3. worker_id: 4f352137. 
2023-08-16 06:28:26 | INFO | model_worker | Send heart beat. Models: ['vicuna-13b-v1.5-16k']. Semaphore: Semaphore(value=5, locked=False). call_ct: 3. worker_id: 4f352137. 
2023-08-16 06:29:11 | INFO | model_worker | Send heart beat. Models: ['vicuna-13b-v1.5-16k']. Semaphore: Semaphore(value=5, locked=False). call_ct: 3. worker_id: 4f352137. 
2023-08-16 06:29:56 | INFO | model_worker | Send heart beat. Models: ['vicuna-13b-v1.5-16k']. Semaphore: Semaphore(value=5, locked=False). call_ct: 3. worker_id: 4f352137. 
2023-08-16 06:30:41 | INFO | model_worker | Send heart beat. Models: ['vicuna-13b-v1.5-16k']. Semaphore: Semaphore(value=5, locked=False). call_ct: 3. worker_id: 4f352137. 
2023-08-16 06:31:26 | INFO | model_worker | Send heart beat. Models: ['vicuna-13b-v1.5-16k']. Semaphore: Semaphore(value=5, locked=False). call_ct: 3. worker_id: 4f352137. 
2023-08-16 06:32:12 | INFO | model_worker | Send heart beat. Models: ['vicuna-13b-v1.5-16k']. Semaphore: Semaphore(value=5, locked=False). call_ct: 3. worker_id: 4f352137. 
2023-08-16 06:32:57 | INFO | model_worker | Send heart beat. Models: ['vicuna-13b-v1.5-16k']. Semaphore: Semaphore(value=5, locked=False). call_ct: 3. worker_id: 4f352137. 
2023-08-16 06:33:41 | INFO | stdout | [32mINFO[0m:     127.0.0.1:55168 - "[1mPOST /model_details HTTP/1.1[0m" [32m200 OK[0m
2023-08-16 06:33:41 | INFO | stdout | [32mINFO[0m:     127.0.0.1:55168 - "[1mPOST /count_token HTTP/1.1[0m" [32m200 OK[0m
2023-08-16 06:33:42 | INFO | model_worker | Send heart beat. Models: ['vicuna-13b-v1.5-16k']. Semaphore: Semaphore(value=4, locked=False). call_ct: 4. worker_id: 4f352137. 
2023-08-16 06:33:46 | INFO | stdout | [32mINFO[0m:     127.0.0.1:55170 - "[1mPOST /worker_generate HTTP/1.1[0m" [32m200 OK[0m
2023-08-16 06:34:27 | INFO | model_worker | Send heart beat. Models: ['vicuna-13b-v1.5-16k']. Semaphore: Semaphore(value=5, locked=False). call_ct: 4. worker_id: 4f352137. 
2023-08-16 06:35:12 | INFO | model_worker | Send heart beat. Models: ['vicuna-13b-v1.5-16k']. Semaphore: Semaphore(value=5, locked=False). call_ct: 4. worker_id: 4f352137. 
2023-08-16 06:35:57 | INFO | model_worker | Send heart beat. Models: ['vicuna-13b-v1.5-16k']. Semaphore: Semaphore(value=5, locked=False). call_ct: 4. worker_id: 4f352137. 
2023-08-16 06:36:42 | INFO | model_worker | Send heart beat. Models: ['vicuna-13b-v1.5-16k']. Semaphore: Semaphore(value=5, locked=False). call_ct: 4. worker_id: 4f352137. 
2023-08-16 06:37:27 | INFO | model_worker | Send heart beat. Models: ['vicuna-13b-v1.5-16k']. Semaphore: Semaphore(value=5, locked=False). call_ct: 4. worker_id: 4f352137. 
2023-08-16 06:38:12 | INFO | model_worker | Send heart beat. Models: ['vicuna-13b-v1.5-16k']. Semaphore: Semaphore(value=5, locked=False). call_ct: 4. worker_id: 4f352137. 
2023-08-16 06:38:57 | INFO | model_worker | Send heart beat. Models: ['vicuna-13b-v1.5-16k']. Semaphore: Semaphore(value=5, locked=False). call_ct: 4. worker_id: 4f352137. 
2023-08-16 06:39:42 | INFO | model_worker | Send heart beat. Models: ['vicuna-13b-v1.5-16k']. Semaphore: Semaphore(value=5, locked=False). call_ct: 4. worker_id: 4f352137. 
2023-08-16 06:40:27 | INFO | model_worker | Send heart beat. Models: ['vicuna-13b-v1.5-16k']. Semaphore: Semaphore(value=5, locked=False). call_ct: 4. worker_id: 4f352137. 
2023-08-16 06:41:12 | INFO | model_worker | Send heart beat. Models: ['vicuna-13b-v1.5-16k']. Semaphore: Semaphore(value=5, locked=False). call_ct: 4. worker_id: 4f352137. 
2023-08-16 06:41:57 | INFO | model_worker | Send heart beat. Models: ['vicuna-13b-v1.5-16k']. Semaphore: Semaphore(value=5, locked=False). call_ct: 4. worker_id: 4f352137. 
2023-08-16 06:42:42 | INFO | model_worker | Send heart beat. Models: ['vicuna-13b-v1.5-16k']. Semaphore: Semaphore(value=5, locked=False). call_ct: 4. worker_id: 4f352137. 
2023-08-16 06:43:27 | INFO | model_worker | Send heart beat. Models: ['vicuna-13b-v1.5-16k']. Semaphore: Semaphore(value=5, locked=False). call_ct: 4. worker_id: 4f352137. 
2023-08-16 06:44:12 | INFO | model_worker | Send heart beat. Models: ['vicuna-13b-v1.5-16k']. Semaphore: Semaphore(value=5, locked=False). call_ct: 4. worker_id: 4f352137. 
2023-08-16 06:44:57 | INFO | model_worker | Send heart beat. Models: ['vicuna-13b-v1.5-16k']. Semaphore: Semaphore(value=5, locked=False). call_ct: 4. worker_id: 4f352137. 
2023-08-16 06:45:42 | INFO | model_worker | Send heart beat. Models: ['vicuna-13b-v1.5-16k']. Semaphore: Semaphore(value=5, locked=False). call_ct: 4. worker_id: 4f352137. 
2023-08-16 06:46:28 | INFO | model_worker | Send heart beat. Models: ['vicuna-13b-v1.5-16k']. Semaphore: Semaphore(value=5, locked=False). call_ct: 4. worker_id: 4f352137. 
2023-08-16 06:47:13 | INFO | model_worker | Send heart beat. Models: ['vicuna-13b-v1.5-16k']. Semaphore: Semaphore(value=5, locked=False). call_ct: 4. worker_id: 4f352137. 
2023-08-16 06:47:58 | INFO | model_worker | Send heart beat. Models: ['vicuna-13b-v1.5-16k']. Semaphore: Semaphore(value=5, locked=False). call_ct: 4. worker_id: 4f352137. 
2023-08-16 06:48:43 | INFO | model_worker | Send heart beat. Models: ['vicuna-13b-v1.5-16k']. Semaphore: Semaphore(value=5, locked=False). call_ct: 4. worker_id: 4f352137. 
2023-08-16 06:49:28 | INFO | model_worker | Send heart beat. Models: ['vicuna-13b-v1.5-16k']. Semaphore: Semaphore(value=5, locked=False). call_ct: 4. worker_id: 4f352137. 
2023-08-16 06:50:13 | INFO | model_worker | Send heart beat. Models: ['vicuna-13b-v1.5-16k']. Semaphore: Semaphore(value=5, locked=False). call_ct: 4. worker_id: 4f352137. 
2023-08-16 06:50:58 | INFO | model_worker | Send heart beat. Models: ['vicuna-13b-v1.5-16k']. Semaphore: Semaphore(value=5, locked=False). call_ct: 4. worker_id: 4f352137. 
2023-08-16 06:51:43 | INFO | model_worker | Send heart beat. Models: ['vicuna-13b-v1.5-16k']. Semaphore: Semaphore(value=5, locked=False). call_ct: 4. worker_id: 4f352137. 
2023-08-16 06:52:28 | INFO | model_worker | Send heart beat. Models: ['vicuna-13b-v1.5-16k']. Semaphore: Semaphore(value=5, locked=False). call_ct: 4. worker_id: 4f352137. 
2023-08-16 06:53:13 | INFO | model_worker | Send heart beat. Models: ['vicuna-13b-v1.5-16k']. Semaphore: Semaphore(value=5, locked=False). call_ct: 4. worker_id: 4f352137. 
2023-08-16 06:53:58 | INFO | model_worker | Send heart beat. Models: ['vicuna-13b-v1.5-16k']. Semaphore: Semaphore(value=5, locked=False). call_ct: 4. worker_id: 4f352137. 
2023-08-16 06:54:43 | INFO | model_worker | Send heart beat. Models: ['vicuna-13b-v1.5-16k']. Semaphore: Semaphore(value=5, locked=False). call_ct: 4. worker_id: 4f352137. 
2023-08-16 06:55:06 | INFO | stdout | [32mINFO[0m:     127.0.0.1:48916 - "[1mPOST /model_details HTTP/1.1[0m" [32m200 OK[0m
2023-08-16 06:55:06 | INFO | stdout | [32mINFO[0m:     127.0.0.1:48916 - "[1mPOST /count_token HTTP/1.1[0m" [32m200 OK[0m
2023-08-16 06:55:16 | INFO | stdout | [32mINFO[0m:     127.0.0.1:48924 - "[1mPOST /worker_generate HTTP/1.1[0m" [32m200 OK[0m
2023-08-16 06:55:28 | INFO | model_worker | Send heart beat. Models: ['vicuna-13b-v1.5-16k']. Semaphore: Semaphore(value=5, locked=False). call_ct: 5. worker_id: 4f352137. 
2023-08-16 06:56:13 | INFO | model_worker | Send heart beat. Models: ['vicuna-13b-v1.5-16k']. Semaphore: Semaphore(value=5, locked=False). call_ct: 5. worker_id: 4f352137. 
2023-08-16 06:56:58 | INFO | model_worker | Send heart beat. Models: ['vicuna-13b-v1.5-16k']. Semaphore: Semaphore(value=5, locked=False). call_ct: 5. worker_id: 4f352137. 
2023-08-16 06:57:12 | INFO | stdout | [32mINFO[0m:     127.0.0.1:46850 - "[1mPOST /model_details HTTP/1.1[0m" [32m200 OK[0m
2023-08-16 06:57:12 | INFO | stdout | [32mINFO[0m:     127.0.0.1:46850 - "[1mPOST /count_token HTTP/1.1[0m" [32m200 OK[0m
2023-08-16 06:57:21 | INFO | stdout | [32mINFO[0m:     127.0.0.1:46862 - "[1mPOST /worker_generate HTTP/1.1[0m" [32m200 OK[0m
2023-08-16 06:57:43 | INFO | model_worker | Send heart beat. Models: ['vicuna-13b-v1.5-16k']. Semaphore: Semaphore(value=5, locked=False). call_ct: 6. worker_id: 4f352137. 
2023-08-16 06:58:09 | INFO | stdout | [32mINFO[0m:     127.0.0.1:46752 - "[1mPOST /model_details HTTP/1.1[0m" [32m200 OK[0m
2023-08-16 06:58:09 | INFO | stdout | [32mINFO[0m:     127.0.0.1:46752 - "[1mPOST /count_token HTTP/1.1[0m" [32m200 OK[0m
2023-08-16 06:58:18 | INFO | stdout | [32mINFO[0m:     127.0.0.1:46758 - "[1mPOST /worker_generate HTTP/1.1[0m" [32m200 OK[0m
2023-08-16 06:58:28 | INFO | model_worker | Send heart beat. Models: ['vicuna-13b-v1.5-16k']. Semaphore: Semaphore(value=5, locked=False). call_ct: 7. worker_id: 4f352137. 
2023-08-16 06:59:13 | INFO | model_worker | Send heart beat. Models: ['vicuna-13b-v1.5-16k']. Semaphore: Semaphore(value=5, locked=False). call_ct: 7. worker_id: 4f352137. 
2023-08-16 06:59:58 | INFO | model_worker | Send heart beat. Models: ['vicuna-13b-v1.5-16k']. Semaphore: Semaphore(value=5, locked=False). call_ct: 7. worker_id: 4f352137. 
2023-08-16 07:00:06 | INFO | stdout | [32mINFO[0m:     127.0.0.1:36064 - "[1mPOST /model_details HTTP/1.1[0m" [32m200 OK[0m
2023-08-16 07:00:06 | INFO | stdout | [32mINFO[0m:     127.0.0.1:36064 - "[1mPOST /count_token HTTP/1.1[0m" [32m200 OK[0m
2023-08-16 07:00:20 | INFO | stdout | [32mINFO[0m:     127.0.0.1:36078 - "[1mPOST /worker_generate HTTP/1.1[0m" [32m200 OK[0m
2023-08-16 07:00:43 | INFO | model_worker | Send heart beat. Models: ['vicuna-13b-v1.5-16k']. Semaphore: Semaphore(value=5, locked=False). call_ct: 8. worker_id: 4f352137. 
2023-08-16 07:01:25 | INFO | stdout | [32mINFO[0m:     127.0.0.1:56530 - "[1mPOST /model_details HTTP/1.1[0m" [32m200 OK[0m
2023-08-16 07:01:25 | INFO | stdout | [32mINFO[0m:     127.0.0.1:56530 - "[1mPOST /count_token HTTP/1.1[0m" [32m200 OK[0m
2023-08-16 07:01:29 | INFO | model_worker | Send heart beat. Models: ['vicuna-13b-v1.5-16k']. Semaphore: Semaphore(value=4, locked=False). call_ct: 9. worker_id: 4f352137. 
2023-08-16 07:01:39 | INFO | stdout | [32mINFO[0m:     127.0.0.1:56538 - "[1mPOST /worker_generate HTTP/1.1[0m" [32m200 OK[0m
2023-08-16 07:02:13 | INFO | stdout | [32mINFO[0m:     127.0.0.1:45466 - "[1mPOST /model_details HTTP/1.1[0m" [32m200 OK[0m
2023-08-16 07:02:13 | INFO | stdout | [32mINFO[0m:     127.0.0.1:45466 - "[1mPOST /count_token HTTP/1.1[0m" [32m200 OK[0m
2023-08-16 07:02:14 | INFO | model_worker | Send heart beat. Models: ['vicuna-13b-v1.5-16k']. Semaphore: Semaphore(value=4, locked=False). call_ct: 10. worker_id: 4f352137. 
2023-08-16 07:02:27 | INFO | stdout | [32mINFO[0m:     127.0.0.1:45474 - "[1mPOST /worker_generate HTTP/1.1[0m" [32m200 OK[0m
2023-08-16 07:02:59 | INFO | model_worker | Send heart beat. Models: ['vicuna-13b-v1.5-16k']. Semaphore: Semaphore(value=5, locked=False). call_ct: 10. worker_id: 4f352137. 
2023-08-16 07:03:44 | INFO | model_worker | Send heart beat. Models: ['vicuna-13b-v1.5-16k']. Semaphore: Semaphore(value=5, locked=False). call_ct: 10. worker_id: 4f352137. 
2023-08-16 07:04:29 | INFO | model_worker | Send heart beat. Models: ['vicuna-13b-v1.5-16k']. Semaphore: Semaphore(value=5, locked=False). call_ct: 10. worker_id: 4f352137. 
2023-08-16 07:04:35 | INFO | stdout | [32mINFO[0m:     127.0.0.1:40944 - "[1mPOST /model_details HTTP/1.1[0m" [32m200 OK[0m
2023-08-16 07:04:35 | INFO | stdout | [32mINFO[0m:     127.0.0.1:40944 - "[1mPOST /count_token HTTP/1.1[0m" [32m200 OK[0m
2023-08-16 07:04:49 | INFO | stdout | [32mINFO[0m:     127.0.0.1:40956 - "[1mPOST /worker_generate HTTP/1.1[0m" [32m200 OK[0m
2023-08-16 07:05:14 | INFO | model_worker | Send heart beat. Models: ['vicuna-13b-v1.5-16k']. Semaphore: Semaphore(value=5, locked=False). call_ct: 11. worker_id: 4f352137. 
2023-08-16 07:05:59 | INFO | model_worker | Send heart beat. Models: ['vicuna-13b-v1.5-16k']. Semaphore: Semaphore(value=5, locked=False). call_ct: 11. worker_id: 4f352137. 
2023-08-16 07:06:44 | INFO | model_worker | Send heart beat. Models: ['vicuna-13b-v1.5-16k']. Semaphore: Semaphore(value=5, locked=False). call_ct: 11. worker_id: 4f352137. 
2023-08-16 07:07:29 | INFO | model_worker | Send heart beat. Models: ['vicuna-13b-v1.5-16k']. Semaphore: Semaphore(value=5, locked=False). call_ct: 11. worker_id: 4f352137. 
2023-08-16 07:08:14 | INFO | model_worker | Send heart beat. Models: ['vicuna-13b-v1.5-16k']. Semaphore: Semaphore(value=5, locked=False). call_ct: 11. worker_id: 4f352137. 
2023-08-16 07:08:49 | INFO | stdout | [32mINFO[0m:     127.0.0.1:43784 - "[1mPOST /model_details HTTP/1.1[0m" [32m200 OK[0m
2023-08-16 07:08:49 | INFO | stdout | [32mINFO[0m:     127.0.0.1:43784 - "[1mPOST /count_token HTTP/1.1[0m" [32m200 OK[0m
2023-08-16 07:08:50 | INFO | stdout | [32mINFO[0m:     127.0.0.1:43790 - "[1mPOST /worker_generate HTTP/1.1[0m" [32m200 OK[0m
2023-08-16 07:08:59 | INFO | model_worker | Send heart beat. Models: ['vicuna-13b-v1.5-16k']. Semaphore: Semaphore(value=5, locked=False). call_ct: 12. worker_id: 4f352137. 
2023-08-16 07:09:28 | INFO | stdout | [32mINFO[0m:     127.0.0.1:33856 - "[1mPOST /model_details HTTP/1.1[0m" [32m200 OK[0m
2023-08-16 07:09:28 | INFO | stdout | [32mINFO[0m:     127.0.0.1:33856 - "[1mPOST /count_token HTTP/1.1[0m" [32m200 OK[0m
2023-08-16 07:09:42 | INFO | stdout | [32mINFO[0m:     127.0.0.1:33872 - "[1mPOST /worker_generate HTTP/1.1[0m" [32m200 OK[0m
2023-08-16 07:09:44 | INFO | model_worker | Send heart beat. Models: ['vicuna-13b-v1.5-16k']. Semaphore: Semaphore(value=5, locked=False). call_ct: 13. worker_id: 4f352137. 
2023-08-16 07:10:29 | INFO | model_worker | Send heart beat. Models: ['vicuna-13b-v1.5-16k']. Semaphore: Semaphore(value=5, locked=False). call_ct: 13. worker_id: 4f352137. 
2023-08-16 07:11:14 | INFO | model_worker | Send heart beat. Models: ['vicuna-13b-v1.5-16k']. Semaphore: Semaphore(value=5, locked=False). call_ct: 13. worker_id: 4f352137. 
2023-08-16 07:11:59 | INFO | model_worker | Send heart beat. Models: ['vicuna-13b-v1.5-16k']. Semaphore: Semaphore(value=5, locked=False). call_ct: 13. worker_id: 4f352137. 
2023-08-16 07:12:05 | INFO | stdout | [32mINFO[0m:     127.0.0.1:40986 - "[1mPOST /model_details HTTP/1.1[0m" [32m200 OK[0m
2023-08-16 07:12:05 | INFO | stdout | [32mINFO[0m:     127.0.0.1:40986 - "[1mPOST /count_token HTTP/1.1[0m" [32m200 OK[0m
2023-08-16 07:12:20 | INFO | stdout | [32mINFO[0m:     127.0.0.1:40994 - "[1mPOST /worker_generate HTTP/1.1[0m" [32m200 OK[0m
2023-08-16 07:12:27 | INFO | stdout | [32mINFO[0m:     127.0.0.1:46360 - "[1mPOST /model_details HTTP/1.1[0m" [32m200 OK[0m
2023-08-16 07:12:27 | INFO | stdout | [32mINFO[0m:     127.0.0.1:46360 - "[1mPOST /count_token HTTP/1.1[0m" [32m200 OK[0m
2023-08-16 07:12:41 | INFO | stdout | [32mINFO[0m:     127.0.0.1:46370 - "[1mPOST /worker_generate HTTP/1.1[0m" [32m200 OK[0m
2023-08-16 07:12:44 | INFO | model_worker | Send heart beat. Models: ['vicuna-13b-v1.5-16k']. Semaphore: Semaphore(value=5, locked=False). call_ct: 15. worker_id: 4f352137. 
2023-08-16 07:13:03 | INFO | stdout | [32mINFO[0m:     127.0.0.1:40754 - "[1mPOST /model_details HTTP/1.1[0m" [32m200 OK[0m
2023-08-16 07:13:03 | INFO | stdout | [32mINFO[0m:     127.0.0.1:40754 - "[1mPOST /count_token HTTP/1.1[0m" [32m200 OK[0m
2023-08-16 07:13:04 | INFO | stdout | [32mINFO[0m:     127.0.0.1:40762 - "[1mPOST /worker_generate HTTP/1.1[0m" [32m200 OK[0m
2023-08-16 07:13:29 | INFO | model_worker | Send heart beat. Models: ['vicuna-13b-v1.5-16k']. Semaphore: Semaphore(value=5, locked=False). call_ct: 16. worker_id: 4f352137. 
2023-08-16 07:14:14 | INFO | model_worker | Send heart beat. Models: ['vicuna-13b-v1.5-16k']. Semaphore: Semaphore(value=5, locked=False). call_ct: 16. worker_id: 4f352137. 
2023-08-16 07:14:59 | INFO | model_worker | Send heart beat. Models: ['vicuna-13b-v1.5-16k']. Semaphore: Semaphore(value=5, locked=False). call_ct: 16. worker_id: 4f352137. 
2023-08-16 07:15:44 | INFO | model_worker | Send heart beat. Models: ['vicuna-13b-v1.5-16k']. Semaphore: Semaphore(value=5, locked=False). call_ct: 16. worker_id: 4f352137. 
2023-08-16 07:16:29 | INFO | model_worker | Send heart beat. Models: ['vicuna-13b-v1.5-16k']. Semaphore: Semaphore(value=5, locked=False). call_ct: 16. worker_id: 4f352137. 
2023-08-16 07:17:04 | INFO | stdout | [32mINFO[0m:     127.0.0.1:56304 - "[1mPOST /model_details HTTP/1.1[0m" [32m200 OK[0m
2023-08-16 07:17:04 | INFO | stdout | [32mINFO[0m:     127.0.0.1:56304 - "[1mPOST /count_token HTTP/1.1[0m" [32m200 OK[0m
2023-08-16 07:17:05 | INFO | stdout | [32mINFO[0m:     127.0.0.1:56312 - "[1mPOST /worker_generate HTTP/1.1[0m" [32m200 OK[0m
2023-08-16 07:17:15 | INFO | model_worker | Send heart beat. Models: ['vicuna-13b-v1.5-16k']. Semaphore: Semaphore(value=5, locked=False). call_ct: 17. worker_id: 4f352137. 
2023-08-16 07:18:00 | INFO | model_worker | Send heart beat. Models: ['vicuna-13b-v1.5-16k']. Semaphore: Semaphore(value=5, locked=False). call_ct: 17. worker_id: 4f352137. 
2023-08-16 07:18:09 | INFO | stdout | [32mINFO[0m:     127.0.0.1:52992 - "[1mPOST /model_details HTTP/1.1[0m" [32m200 OK[0m
2023-08-16 07:18:09 | INFO | stdout | [32mINFO[0m:     127.0.0.1:52992 - "[1mPOST /count_token HTTP/1.1[0m" [32m200 OK[0m
2023-08-16 07:18:23 | INFO | stdout | [32mINFO[0m:     127.0.0.1:53000 - "[1mPOST /worker_generate HTTP/1.1[0m" [32m200 OK[0m
2023-08-16 07:18:36 | INFO | stdout | [32mINFO[0m:     127.0.0.1:60104 - "[1mPOST /model_details HTTP/1.1[0m" [32m200 OK[0m
2023-08-16 07:18:36 | INFO | stdout | [32mINFO[0m:     127.0.0.1:60104 - "[1mPOST /count_token HTTP/1.1[0m" [32m200 OK[0m
2023-08-16 07:18:37 | INFO | stdout | [32mINFO[0m:     127.0.0.1:60108 - "[1mPOST /worker_generate HTTP/1.1[0m" [32m200 OK[0m
2023-08-16 07:18:45 | INFO | model_worker | Send heart beat. Models: ['vicuna-13b-v1.5-16k']. Semaphore: Semaphore(value=5, locked=False). call_ct: 19. worker_id: 4f352137. 
2023-08-16 07:19:30 | INFO | model_worker | Send heart beat. Models: ['vicuna-13b-v1.5-16k']. Semaphore: Semaphore(value=5, locked=False). call_ct: 19. worker_id: 4f352137. 
2023-08-16 07:20:15 | INFO | model_worker | Send heart beat. Models: ['vicuna-13b-v1.5-16k']. Semaphore: Semaphore(value=5, locked=False). call_ct: 19. worker_id: 4f352137. 
2023-08-16 07:20:46 | INFO | stdout | [32mINFO[0m:     127.0.0.1:41166 - "[1mPOST /model_details HTTP/1.1[0m" [32m200 OK[0m
2023-08-16 07:20:46 | INFO | stdout | [32mINFO[0m:     127.0.0.1:41166 - "[1mPOST /count_token HTTP/1.1[0m" [32m200 OK[0m
2023-08-16 07:20:48 | INFO | stdout | [32mINFO[0m:     127.0.0.1:41182 - "[1mPOST /worker_generate HTTP/1.1[0m" [32m200 OK[0m
2023-08-16 07:20:48 | INFO | stdout | [32mINFO[0m:     127.0.0.1:53420 - "[1mPOST /model_details HTTP/1.1[0m" [32m200 OK[0m
2023-08-16 07:20:48 | INFO | stdout | [32mINFO[0m:     127.0.0.1:53420 - "[1mPOST /count_token HTTP/1.1[0m" [32m200 OK[0m
2023-08-16 07:20:54 | INFO | stdout | [32mINFO[0m:     127.0.0.1:53430 - "[1mPOST /worker_generate HTTP/1.1[0m" [32m200 OK[0m
2023-08-16 07:20:54 | INFO | stdout | [32mINFO[0m:     127.0.0.1:53436 - "[1mPOST /model_details HTTP/1.1[0m" [32m200 OK[0m
2023-08-16 07:20:54 | INFO | stdout | [32mINFO[0m:     127.0.0.1:53436 - "[1mPOST /count_token HTTP/1.1[0m" [32m200 OK[0m
2023-08-16 07:20:59 | INFO | stdout | [32mINFO[0m:     127.0.0.1:53444 - "[1mPOST /worker_generate HTTP/1.1[0m" [32m200 OK[0m
2023-08-16 07:21:00 | INFO | model_worker | Send heart beat. Models: ['vicuna-13b-v1.5-16k']. Semaphore: Semaphore(value=5, locked=False). call_ct: 22. worker_id: 4f352137. 
2023-08-16 07:21:45 | INFO | model_worker | Send heart beat. Models: ['vicuna-13b-v1.5-16k']. Semaphore: Semaphore(value=5, locked=False). call_ct: 22. worker_id: 4f352137. 
2023-08-16 07:22:30 | INFO | model_worker | Send heart beat. Models: ['vicuna-13b-v1.5-16k']. Semaphore: Semaphore(value=5, locked=False). call_ct: 22. worker_id: 4f352137. 
2023-08-16 07:23:15 | INFO | model_worker | Send heart beat. Models: ['vicuna-13b-v1.5-16k']. Semaphore: Semaphore(value=5, locked=False). call_ct: 22. worker_id: 4f352137. 
2023-08-16 07:24:00 | INFO | model_worker | Send heart beat. Models: ['vicuna-13b-v1.5-16k']. Semaphore: Semaphore(value=5, locked=False). call_ct: 22. worker_id: 4f352137. 
2023-08-16 07:24:45 | INFO | model_worker | Send heart beat. Models: ['vicuna-13b-v1.5-16k']. Semaphore: Semaphore(value=5, locked=False). call_ct: 22. worker_id: 4f352137. 
2023-08-16 07:25:30 | INFO | model_worker | Send heart beat. Models: ['vicuna-13b-v1.5-16k']. Semaphore: Semaphore(value=5, locked=False). call_ct: 22. worker_id: 4f352137. 
2023-08-16 07:26:15 | INFO | model_worker | Send heart beat. Models: ['vicuna-13b-v1.5-16k']. Semaphore: Semaphore(value=5, locked=False). call_ct: 22. worker_id: 4f352137. 
2023-08-16 07:27:00 | INFO | model_worker | Send heart beat. Models: ['vicuna-13b-v1.5-16k']. Semaphore: Semaphore(value=5, locked=False). call_ct: 22. worker_id: 4f352137. 
2023-08-16 07:27:45 | INFO | model_worker | Send heart beat. Models: ['vicuna-13b-v1.5-16k']. Semaphore: Semaphore(value=5, locked=False). call_ct: 22. worker_id: 4f352137. 
2023-08-16 07:28:30 | INFO | model_worker | Send heart beat. Models: ['vicuna-13b-v1.5-16k']. Semaphore: Semaphore(value=5, locked=False). call_ct: 22. worker_id: 4f352137. 
2023-08-16 07:29:15 | INFO | model_worker | Send heart beat. Models: ['vicuna-13b-v1.5-16k']. Semaphore: Semaphore(value=5, locked=False). call_ct: 22. worker_id: 4f352137. 
2023-08-16 07:30:00 | INFO | model_worker | Send heart beat. Models: ['vicuna-13b-v1.5-16k']. Semaphore: Semaphore(value=5, locked=False). call_ct: 22. worker_id: 4f352137. 
2023-08-16 07:30:45 | INFO | model_worker | Send heart beat. Models: ['vicuna-13b-v1.5-16k']. Semaphore: Semaphore(value=5, locked=False). call_ct: 22. worker_id: 4f352137. 
2023-08-16 07:31:31 | INFO | model_worker | Send heart beat. Models: ['vicuna-13b-v1.5-16k']. Semaphore: Semaphore(value=5, locked=False). call_ct: 22. worker_id: 4f352137. 
2023-08-16 07:32:16 | INFO | model_worker | Send heart beat. Models: ['vicuna-13b-v1.5-16k']. Semaphore: Semaphore(value=5, locked=False). call_ct: 22. worker_id: 4f352137. 
2023-08-16 07:33:01 | INFO | model_worker | Send heart beat. Models: ['vicuna-13b-v1.5-16k']. Semaphore: Semaphore(value=5, locked=False). call_ct: 22. worker_id: 4f352137. 
2023-08-16 07:33:46 | INFO | model_worker | Send heart beat. Models: ['vicuna-13b-v1.5-16k']. Semaphore: Semaphore(value=5, locked=False). call_ct: 22. worker_id: 4f352137. 
2023-08-16 07:34:31 | INFO | model_worker | Send heart beat. Models: ['vicuna-13b-v1.5-16k']. Semaphore: Semaphore(value=5, locked=False). call_ct: 22. worker_id: 4f352137. 
2023-08-16 07:35:16 | INFO | model_worker | Send heart beat. Models: ['vicuna-13b-v1.5-16k']. Semaphore: Semaphore(value=5, locked=False). call_ct: 22. worker_id: 4f352137. 
2023-08-16 07:36:01 | INFO | model_worker | Send heart beat. Models: ['vicuna-13b-v1.5-16k']. Semaphore: Semaphore(value=5, locked=False). call_ct: 22. worker_id: 4f352137. 
2023-08-16 07:36:46 | INFO | model_worker | Send heart beat. Models: ['vicuna-13b-v1.5-16k']. Semaphore: Semaphore(value=5, locked=False). call_ct: 22. worker_id: 4f352137. 
2023-08-16 07:37:31 | INFO | model_worker | Send heart beat. Models: ['vicuna-13b-v1.5-16k']. Semaphore: Semaphore(value=5, locked=False). call_ct: 22. worker_id: 4f352137. 
2023-08-16 07:38:16 | INFO | model_worker | Send heart beat. Models: ['vicuna-13b-v1.5-16k']. Semaphore: Semaphore(value=5, locked=False). call_ct: 22. worker_id: 4f352137. 
2023-08-16 07:39:01 | INFO | model_worker | Send heart beat. Models: ['vicuna-13b-v1.5-16k']. Semaphore: Semaphore(value=5, locked=False). call_ct: 22. worker_id: 4f352137. 
2023-08-16 07:39:46 | INFO | model_worker | Send heart beat. Models: ['vicuna-13b-v1.5-16k']. Semaphore: Semaphore(value=5, locked=False). call_ct: 22. worker_id: 4f352137. 
2023-08-16 07:40:31 | INFO | model_worker | Send heart beat. Models: ['vicuna-13b-v1.5-16k']. Semaphore: Semaphore(value=5, locked=False). call_ct: 22. worker_id: 4f352137. 
2023-08-16 07:41:16 | INFO | model_worker | Send heart beat. Models: ['vicuna-13b-v1.5-16k']. Semaphore: Semaphore(value=5, locked=False). call_ct: 22. worker_id: 4f352137. 
2023-08-16 07:42:01 | INFO | model_worker | Send heart beat. Models: ['vicuna-13b-v1.5-16k']. Semaphore: Semaphore(value=5, locked=False). call_ct: 22. worker_id: 4f352137. 
2023-08-16 07:42:46 | INFO | model_worker | Send heart beat. Models: ['vicuna-13b-v1.5-16k']. Semaphore: Semaphore(value=5, locked=False). call_ct: 22. worker_id: 4f352137. 
2023-08-16 07:43:31 | INFO | model_worker | Send heart beat. Models: ['vicuna-13b-v1.5-16k']. Semaphore: Semaphore(value=5, locked=False). call_ct: 22. worker_id: 4f352137. 
2023-08-16 07:44:16 | INFO | model_worker | Send heart beat. Models: ['vicuna-13b-v1.5-16k']. Semaphore: Semaphore(value=5, locked=False). call_ct: 22. worker_id: 4f352137. 
2023-08-16 07:45:01 | INFO | model_worker | Send heart beat. Models: ['vicuna-13b-v1.5-16k']. Semaphore: Semaphore(value=5, locked=False). call_ct: 22. worker_id: 4f352137. 
2023-08-16 07:45:46 | INFO | model_worker | Send heart beat. Models: ['vicuna-13b-v1.5-16k']. Semaphore: Semaphore(value=5, locked=False). call_ct: 22. worker_id: 4f352137. 
2023-08-16 07:46:31 | INFO | model_worker | Send heart beat. Models: ['vicuna-13b-v1.5-16k']. Semaphore: Semaphore(value=5, locked=False). call_ct: 22. worker_id: 4f352137. 
2023-08-16 07:47:17 | INFO | model_worker | Send heart beat. Models: ['vicuna-13b-v1.5-16k']. Semaphore: Semaphore(value=5, locked=False). call_ct: 22. worker_id: 4f352137. 
2023-08-16 07:48:02 | INFO | model_worker | Send heart beat. Models: ['vicuna-13b-v1.5-16k']. Semaphore: Semaphore(value=5, locked=False). call_ct: 22. worker_id: 4f352137. 
2023-08-16 07:48:47 | INFO | model_worker | Send heart beat. Models: ['vicuna-13b-v1.5-16k']. Semaphore: Semaphore(value=5, locked=False). call_ct: 22. worker_id: 4f352137. 
2023-08-16 07:49:32 | INFO | model_worker | Send heart beat. Models: ['vicuna-13b-v1.5-16k']. Semaphore: Semaphore(value=5, locked=False). call_ct: 22. worker_id: 4f352137. 
2023-08-16 07:50:17 | INFO | model_worker | Send heart beat. Models: ['vicuna-13b-v1.5-16k']. Semaphore: Semaphore(value=5, locked=False). call_ct: 22. worker_id: 4f352137. 
2023-08-16 07:51:02 | INFO | model_worker | Send heart beat. Models: ['vicuna-13b-v1.5-16k']. Semaphore: Semaphore(value=5, locked=False). call_ct: 22. worker_id: 4f352137. 
2023-08-16 07:51:47 | INFO | model_worker | Send heart beat. Models: ['vicuna-13b-v1.5-16k']. Semaphore: Semaphore(value=5, locked=False). call_ct: 22. worker_id: 4f352137. 
2023-08-16 07:52:32 | INFO | model_worker | Send heart beat. Models: ['vicuna-13b-v1.5-16k']. Semaphore: Semaphore(value=5, locked=False). call_ct: 22. worker_id: 4f352137. 
2023-08-16 07:53:17 | INFO | model_worker | Send heart beat. Models: ['vicuna-13b-v1.5-16k']. Semaphore: Semaphore(value=5, locked=False). call_ct: 22. worker_id: 4f352137. 
2023-08-16 07:54:02 | INFO | model_worker | Send heart beat. Models: ['vicuna-13b-v1.5-16k']. Semaphore: Semaphore(value=5, locked=False). call_ct: 22. worker_id: 4f352137. 
2023-08-16 07:54:47 | INFO | model_worker | Send heart beat. Models: ['vicuna-13b-v1.5-16k']. Semaphore: Semaphore(value=5, locked=False). call_ct: 22. worker_id: 4f352137. 
2023-08-16 07:55:32 | INFO | model_worker | Send heart beat. Models: ['vicuna-13b-v1.5-16k']. Semaphore: Semaphore(value=5, locked=False). call_ct: 22. worker_id: 4f352137. 
2023-08-16 07:56:17 | INFO | model_worker | Send heart beat. Models: ['vicuna-13b-v1.5-16k']. Semaphore: Semaphore(value=5, locked=False). call_ct: 22. worker_id: 4f352137. 
2023-08-16 07:57:02 | INFO | model_worker | Send heart beat. Models: ['vicuna-13b-v1.5-16k']. Semaphore: Semaphore(value=5, locked=False). call_ct: 22. worker_id: 4f352137. 
2023-08-16 07:57:47 | INFO | stdout | [32mINFO[0m:     127.0.0.1:34518 - "[1mPOST /model_details HTTP/1.1[0m" [32m200 OK[0m
2023-08-16 07:57:47 | INFO | stdout | [32mINFO[0m:     127.0.0.1:34518 - "[1mPOST /count_token HTTP/1.1[0m" [32m200 OK[0m
2023-08-16 07:57:47 | INFO | model_worker | Send heart beat. Models: ['vicuna-13b-v1.5-16k']. Semaphore: Semaphore(value=5, locked=False). call_ct: 22. worker_id: 4f352137. 
2023-08-16 07:57:53 | INFO | stdout | [32mINFO[0m:     127.0.0.1:34534 - "[1mPOST /worker_generate HTTP/1.1[0m" [32m200 OK[0m
2023-08-16 07:58:18 | INFO | stdout | [32mINFO[0m:     127.0.0.1:52044 - "[1mPOST /model_details HTTP/1.1[0m" [32m200 OK[0m
2023-08-16 07:58:18 | INFO | stdout | [32mINFO[0m:     127.0.0.1:52044 - "[1mPOST /count_token HTTP/1.1[0m" [32m200 OK[0m
2023-08-16 07:58:21 | INFO | stdout | [32mINFO[0m:     127.0.0.1:52052 - "[1mPOST /worker_generate HTTP/1.1[0m" [32m200 OK[0m
2023-08-16 07:58:21 | INFO | stdout | [32mINFO[0m:     127.0.0.1:52054 - "[1mPOST /model_details HTTP/1.1[0m" [32m200 OK[0m
2023-08-16 07:58:21 | INFO | stdout | [32mINFO[0m:     127.0.0.1:52054 - "[1mPOST /count_token HTTP/1.1[0m" [32m200 OK[0m
2023-08-16 07:58:29 | INFO | stdout | [32mINFO[0m:     127.0.0.1:52062 - "[1mPOST /worker_generate HTTP/1.1[0m" [32m200 OK[0m
2023-08-16 07:58:29 | INFO | stdout | [32mINFO[0m:     127.0.0.1:43150 - "[1mPOST /model_details HTTP/1.1[0m" [32m200 OK[0m
2023-08-16 07:58:29 | INFO | stdout | [32mINFO[0m:     127.0.0.1:43150 - "[1mPOST /count_token HTTP/1.1[0m" [32m200 OK[0m
2023-08-16 07:58:32 | INFO | model_worker | Send heart beat. Models: ['vicuna-13b-v1.5-16k']. Semaphore: Semaphore(value=4, locked=False). call_ct: 26. worker_id: 4f352137. 
2023-08-16 07:58:36 | INFO | stdout | [32mINFO[0m:     127.0.0.1:43162 - "[1mPOST /worker_generate HTTP/1.1[0m" [32m200 OK[0m
2023-08-16 07:58:37 | INFO | stdout | [32mINFO[0m:     127.0.0.1:38152 - "[1mPOST /model_details HTTP/1.1[0m" [32m200 OK[0m
2023-08-16 07:58:37 | INFO | stdout | [32mINFO[0m:     127.0.0.1:38152 - "[1mPOST /count_token HTTP/1.1[0m" [32m200 OK[0m
2023-08-16 07:58:38 | INFO | stdout | [32mINFO[0m:     127.0.0.1:38158 - "[1mPOST /worker_generate HTTP/1.1[0m" [32m200 OK[0m
2023-08-16 07:59:17 | INFO | model_worker | Send heart beat. Models: ['vicuna-13b-v1.5-16k']. Semaphore: Semaphore(value=5, locked=False). call_ct: 27. worker_id: 4f352137. 
2023-08-16 08:00:02 | INFO | model_worker | Send heart beat. Models: ['vicuna-13b-v1.5-16k']. Semaphore: Semaphore(value=5, locked=False). call_ct: 27. worker_id: 4f352137. 
2023-08-16 08:00:47 | INFO | model_worker | Send heart beat. Models: ['vicuna-13b-v1.5-16k']. Semaphore: Semaphore(value=5, locked=False). call_ct: 27. worker_id: 4f352137. 
2023-08-16 08:01:32 | INFO | model_worker | Send heart beat. Models: ['vicuna-13b-v1.5-16k']. Semaphore: Semaphore(value=5, locked=False). call_ct: 27. worker_id: 4f352137. 
2023-08-16 08:01:46 | INFO | stdout | [32mINFO[0m:     127.0.0.1:54320 - "[1mPOST /model_details HTTP/1.1[0m" [32m200 OK[0m
2023-08-16 08:01:46 | INFO | stdout | [32mINFO[0m:     127.0.0.1:54320 - "[1mPOST /count_token HTTP/1.1[0m" [32m200 OK[0m
2023-08-16 08:01:46 | INFO | stdout | [32mINFO[0m:     127.0.0.1:54330 - "[1mPOST /worker_generate HTTP/1.1[0m" [32m200 OK[0m
2023-08-16 08:01:51 | INFO | stdout | [32mINFO[0m:     127.0.0.1:48766 - "[1mPOST /model_details HTTP/1.1[0m" [32m200 OK[0m
2023-08-16 08:01:51 | INFO | stdout | [32mINFO[0m:     127.0.0.1:48766 - "[1mPOST /count_token HTTP/1.1[0m" [32m200 OK[0m
2023-08-16 08:01:51 | INFO | stdout | [32mINFO[0m:     127.0.0.1:48770 - "[1mPOST /worker_generate HTTP/1.1[0m" [32m200 OK[0m
2023-08-16 08:01:55 | INFO | stdout | [32mINFO[0m:     127.0.0.1:48784 - "[1mPOST /model_details HTTP/1.1[0m" [32m200 OK[0m
2023-08-16 08:01:55 | INFO | stdout | [32mINFO[0m:     127.0.0.1:48784 - "[1mPOST /count_token HTTP/1.1[0m" [32m200 OK[0m
2023-08-16 08:01:55 | INFO | stdout | [32mINFO[0m:     127.0.0.1:48794 - "[1mPOST /worker_generate HTTP/1.1[0m" [32m200 OK[0m
2023-08-16 08:02:00 | INFO | stdout | [32mINFO[0m:     127.0.0.1:34974 - "[1mPOST /model_details HTTP/1.1[0m" [32m200 OK[0m
2023-08-16 08:02:00 | INFO | stdout | [32mINFO[0m:     127.0.0.1:34974 - "[1mPOST /count_token HTTP/1.1[0m" [32m200 OK[0m
2023-08-16 08:02:00 | INFO | stdout | [32mINFO[0m:     127.0.0.1:34978 - "[1mPOST /worker_generate HTTP/1.1[0m" [32m200 OK[0m
2023-08-16 08:02:08 | INFO | stdout | [32mINFO[0m:     127.0.0.1:36924 - "[1mPOST /model_details HTTP/1.1[0m" [32m200 OK[0m
2023-08-16 08:02:08 | INFO | stdout | [32mINFO[0m:     127.0.0.1:36924 - "[1mPOST /count_token HTTP/1.1[0m" [32m200 OK[0m
2023-08-16 08:02:08 | INFO | stdout | [32mINFO[0m:     127.0.0.1:36934 - "[1mPOST /worker_generate HTTP/1.1[0m" [32m200 OK[0m
2023-08-16 08:02:17 | INFO | model_worker | Send heart beat. Models: ['vicuna-13b-v1.5-16k']. Semaphore: Semaphore(value=5, locked=False). call_ct: 32. worker_id: 4f352137. 
2023-08-16 08:02:18 | INFO | stdout | [32mINFO[0m:     127.0.0.1:37224 - "[1mPOST /model_details HTTP/1.1[0m" [32m200 OK[0m
2023-08-16 08:02:18 | INFO | stdout | [32mINFO[0m:     127.0.0.1:37224 - "[1mPOST /count_token HTTP/1.1[0m" [32m200 OK[0m
2023-08-16 08:02:19 | INFO | stdout | [32mINFO[0m:     127.0.0.1:37232 - "[1mPOST /worker_generate HTTP/1.1[0m" [32m200 OK[0m
2023-08-16 08:02:22 | INFO | stdout | [32mINFO[0m:     127.0.0.1:37248 - "[1mPOST /model_details HTTP/1.1[0m" [32m200 OK[0m
2023-08-16 08:02:22 | INFO | stdout | [32mINFO[0m:     127.0.0.1:37248 - "[1mPOST /count_token HTTP/1.1[0m" [32m200 OK[0m
2023-08-16 08:02:22 | INFO | stdout | [32mINFO[0m:     127.0.0.1:37250 - "[1mPOST /worker_generate HTTP/1.1[0m" [32m200 OK[0m
2023-08-16 08:03:03 | INFO | model_worker | Send heart beat. Models: ['vicuna-13b-v1.5-16k']. Semaphore: Semaphore(value=5, locked=False). call_ct: 34. worker_id: 4f352137. 
2023-08-16 08:03:48 | INFO | model_worker | Send heart beat. Models: ['vicuna-13b-v1.5-16k']. Semaphore: Semaphore(value=5, locked=False). call_ct: 34. worker_id: 4f352137. 
2023-08-16 08:04:33 | INFO | model_worker | Send heart beat. Models: ['vicuna-13b-v1.5-16k']. Semaphore: Semaphore(value=5, locked=False). call_ct: 34. worker_id: 4f352137. 
2023-08-16 08:05:18 | INFO | model_worker | Send heart beat. Models: ['vicuna-13b-v1.5-16k']. Semaphore: Semaphore(value=5, locked=False). call_ct: 34. worker_id: 4f352137. 
2023-08-16 08:06:03 | INFO | model_worker | Send heart beat. Models: ['vicuna-13b-v1.5-16k']. Semaphore: Semaphore(value=5, locked=False). call_ct: 34. worker_id: 4f352137. 
2023-08-16 08:06:48 | INFO | model_worker | Send heart beat. Models: ['vicuna-13b-v1.5-16k']. Semaphore: Semaphore(value=5, locked=False). call_ct: 34. worker_id: 4f352137. 
2023-08-16 08:06:48 | ERROR | model_worker | heart beat error: HTTPConnectionPool(host='localhost', port=21001): Max retries exceeded with url: /receive_heart_beat (Caused by NewConnectionError('<urllib3.connection.HTTPConnection object at 0x7ff9b0316e30>: Failed to establish a new connection: [Errno 111] Connection refused'))
2023-08-16 08:06:52 | ERROR | stderr | [32mINFO[0m:     Shutting down
2023-08-16 08:06:52 | ERROR | stderr | [32mINFO[0m:     Waiting for application shutdown.
2023-08-16 08:06:52 | ERROR | stderr | [32mINFO[0m:     Application shutdown complete.
2023-08-16 08:06:52 | ERROR | stderr | [32mINFO[0m:     Finished server process [[36m213332[0m]
2023-08-16 08:06:53 | ERROR | model_worker | heart beat error: HTTPConnectionPool(host='localhost', port=21001): Max retries exceeded with url: /receive_heart_beat (Caused by NewConnectionError('<urllib3.connection.HTTPConnection object at 0x7ff9b0315de0>: Failed to establish a new connection: [Errno 111] Connection refused'))
