2023-08-15 07:12:21 | INFO | model_worker | args: Namespace(host='localhost', port=21002, worker_address='http://localhost:21002', controller_address='http://localhost:21001', model_path='lmsys/vicuna-13b-v1.5-16k', revision='main', device='cuda', gpus=None, num_gpus=1, max_gpu_memory=None, load_8bit=False, cpu_offloading=False, gptq_ckpt=None, gptq_wbits=16, gptq_groupsize=-1, gptq_act_order=False, awq_ckpt=None, awq_wbits=16, awq_groupsize=-1, model_names=None, conv_template=None, limit_worker_concurrency=5, stream_interval=2, no_register=False)
2023-08-15 07:12:21 | INFO | model_worker | Loading the model ['vicuna-13b-v1.5-16k'] on worker b3754402 ...
2023-08-15 07:12:22 | ERROR | stderr | Loading checkpoint shards:   0%|                                                                                                                   | 0/3 [00:00<?, ?it/s]
2023-08-15 07:12:27 | ERROR | stderr | Loading checkpoint shards:  33%|███████████████████████████████████▋                                                                       | 1/3 [00:05<00:10,  5.24s/it]
2023-08-15 07:12:32 | ERROR | stderr | Loading checkpoint shards:  67%|███████████████████████████████████████████████████████████████████████▎                                   | 2/3 [00:09<00:04,  4.67s/it]
2023-08-15 07:12:34 | ERROR | stderr | Loading checkpoint shards: 100%|███████████████████████████████████████████████████████████████████████████████████████████████████████████| 3/3 [00:12<00:00,  3.75s/it]
2023-08-15 07:12:34 | ERROR | stderr | Loading checkpoint shards: 100%|███████████████████████████████████████████████████████████████████████████████████████████████████████████| 3/3 [00:12<00:00,  4.05s/it]
2023-08-15 07:12:34 | ERROR | stderr | 
2023-08-15 07:12:39 | INFO | model_worker | Register to controller
2023-08-15 07:12:39 | ERROR | stderr | [32mINFO[0m:     Started server process [[36m148703[0m]
2023-08-15 07:12:39 | ERROR | stderr | [32mINFO[0m:     Waiting for application startup.
2023-08-15 07:12:39 | ERROR | stderr | [32mINFO[0m:     Application startup complete.
2023-08-15 07:12:39 | ERROR | stderr | [32mINFO[0m:     Uvicorn running on [1mhttp://localhost:21002[0m (Press CTRL+C to quit)
2023-08-15 07:13:24 | INFO | model_worker | Send heart beat. Models: ['vicuna-13b-v1.5-16k']. Semaphore: None. call_ct: 0. worker_id: b3754402. 
2023-08-15 07:14:09 | INFO | model_worker | Send heart beat. Models: ['vicuna-13b-v1.5-16k']. Semaphore: None. call_ct: 0. worker_id: b3754402. 
2023-08-15 07:14:31 | INFO | stdout | [32mINFO[0m:     127.0.0.1:37418 - "[1mPOST /worker_get_conv_template HTTP/1.1[0m" [32m200 OK[0m
2023-08-15 07:14:31 | INFO | stdout | [32mINFO[0m:     127.0.0.1:37426 - "[1mPOST /model_details HTTP/1.1[0m" [32m200 OK[0m
2023-08-15 07:14:31 | INFO | stdout | [32mINFO[0m:     127.0.0.1:37426 - "[1mPOST /count_token HTTP/1.1[0m" [32m200 OK[0m
2023-08-15 07:14:33 | INFO | stdout | [32mINFO[0m:     127.0.0.1:37442 - "[1mPOST /worker_generate HTTP/1.1[0m" [32m200 OK[0m
2023-08-15 07:14:54 | INFO | model_worker | Send heart beat. Models: ['vicuna-13b-v1.5-16k']. Semaphore: Semaphore(value=5, locked=False). call_ct: 1. worker_id: b3754402. 
2023-08-15 07:15:40 | INFO | model_worker | Send heart beat. Models: ['vicuna-13b-v1.5-16k']. Semaphore: Semaphore(value=5, locked=False). call_ct: 1. worker_id: b3754402. 
2023-08-15 07:16:25 | INFO | model_worker | Send heart beat. Models: ['vicuna-13b-v1.5-16k']. Semaphore: Semaphore(value=5, locked=False). call_ct: 1. worker_id: b3754402. 
2023-08-15 07:17:10 | INFO | model_worker | Send heart beat. Models: ['vicuna-13b-v1.5-16k']. Semaphore: Semaphore(value=5, locked=False). call_ct: 1. worker_id: b3754402. 
2023-08-15 07:17:55 | INFO | model_worker | Send heart beat. Models: ['vicuna-13b-v1.5-16k']. Semaphore: Semaphore(value=5, locked=False). call_ct: 1. worker_id: b3754402. 
2023-08-15 07:18:40 | INFO | model_worker | Send heart beat. Models: ['vicuna-13b-v1.5-16k']. Semaphore: Semaphore(value=5, locked=False). call_ct: 1. worker_id: b3754402. 
2023-08-15 07:19:25 | INFO | model_worker | Send heart beat. Models: ['vicuna-13b-v1.5-16k']. Semaphore: Semaphore(value=5, locked=False). call_ct: 1. worker_id: b3754402. 
2023-08-15 07:20:10 | INFO | model_worker | Send heart beat. Models: ['vicuna-13b-v1.5-16k']. Semaphore: Semaphore(value=5, locked=False). call_ct: 1. worker_id: b3754402. 
2023-08-15 07:20:55 | INFO | model_worker | Send heart beat. Models: ['vicuna-13b-v1.5-16k']. Semaphore: Semaphore(value=5, locked=False). call_ct: 1. worker_id: b3754402. 
2023-08-15 07:21:40 | INFO | model_worker | Send heart beat. Models: ['vicuna-13b-v1.5-16k']. Semaphore: Semaphore(value=5, locked=False). call_ct: 1. worker_id: b3754402. 
2023-08-15 07:22:25 | INFO | model_worker | Send heart beat. Models: ['vicuna-13b-v1.5-16k']. Semaphore: Semaphore(value=5, locked=False). call_ct: 1. worker_id: b3754402. 
2023-08-15 07:23:10 | INFO | model_worker | Send heart beat. Models: ['vicuna-13b-v1.5-16k']. Semaphore: Semaphore(value=5, locked=False). call_ct: 1. worker_id: b3754402. 
2023-08-15 07:23:55 | INFO | model_worker | Send heart beat. Models: ['vicuna-13b-v1.5-16k']. Semaphore: Semaphore(value=5, locked=False). call_ct: 1. worker_id: b3754402. 
2023-08-15 07:24:40 | INFO | model_worker | Send heart beat. Models: ['vicuna-13b-v1.5-16k']. Semaphore: Semaphore(value=5, locked=False). call_ct: 1. worker_id: b3754402. 
2023-08-15 07:25:25 | INFO | model_worker | Send heart beat. Models: ['vicuna-13b-v1.5-16k']. Semaphore: Semaphore(value=5, locked=False). call_ct: 1. worker_id: b3754402. 
2023-08-15 07:26:10 | INFO | model_worker | Send heart beat. Models: ['vicuna-13b-v1.5-16k']. Semaphore: Semaphore(value=5, locked=False). call_ct: 1. worker_id: b3754402. 
2023-08-15 07:26:55 | INFO | model_worker | Send heart beat. Models: ['vicuna-13b-v1.5-16k']. Semaphore: Semaphore(value=5, locked=False). call_ct: 1. worker_id: b3754402. 
2023-08-15 07:27:40 | INFO | model_worker | Send heart beat. Models: ['vicuna-13b-v1.5-16k']. Semaphore: Semaphore(value=5, locked=False). call_ct: 1. worker_id: b3754402. 
2023-08-15 07:28:25 | INFO | model_worker | Send heart beat. Models: ['vicuna-13b-v1.5-16k']. Semaphore: Semaphore(value=5, locked=False). call_ct: 1. worker_id: b3754402. 
2023-08-15 07:29:10 | INFO | model_worker | Send heart beat. Models: ['vicuna-13b-v1.5-16k']. Semaphore: Semaphore(value=5, locked=False). call_ct: 1. worker_id: b3754402. 
2023-08-15 07:29:55 | INFO | model_worker | Send heart beat. Models: ['vicuna-13b-v1.5-16k']. Semaphore: Semaphore(value=5, locked=False). call_ct: 1. worker_id: b3754402. 
2023-08-15 07:30:41 | INFO | model_worker | Send heart beat. Models: ['vicuna-13b-v1.5-16k']. Semaphore: Semaphore(value=5, locked=False). call_ct: 1. worker_id: b3754402. 
2023-08-15 07:31:26 | INFO | model_worker | Send heart beat. Models: ['vicuna-13b-v1.5-16k']. Semaphore: Semaphore(value=5, locked=False). call_ct: 1. worker_id: b3754402. 
2023-08-15 07:32:11 | INFO | model_worker | Send heart beat. Models: ['vicuna-13b-v1.5-16k']. Semaphore: Semaphore(value=5, locked=False). call_ct: 1. worker_id: b3754402. 
2023-08-15 07:32:56 | INFO | model_worker | Send heart beat. Models: ['vicuna-13b-v1.5-16k']. Semaphore: Semaphore(value=5, locked=False). call_ct: 1. worker_id: b3754402. 
2023-08-15 07:33:41 | INFO | model_worker | Send heart beat. Models: ['vicuna-13b-v1.5-16k']. Semaphore: Semaphore(value=5, locked=False). call_ct: 1. worker_id: b3754402. 
2023-08-15 07:34:26 | INFO | model_worker | Send heart beat. Models: ['vicuna-13b-v1.5-16k']. Semaphore: Semaphore(value=5, locked=False). call_ct: 1. worker_id: b3754402. 
2023-08-15 07:35:11 | INFO | model_worker | Send heart beat. Models: ['vicuna-13b-v1.5-16k']. Semaphore: Semaphore(value=5, locked=False). call_ct: 1. worker_id: b3754402. 
2023-08-15 07:35:56 | INFO | model_worker | Send heart beat. Models: ['vicuna-13b-v1.5-16k']. Semaphore: Semaphore(value=5, locked=False). call_ct: 1. worker_id: b3754402. 
2023-08-15 07:36:41 | INFO | model_worker | Send heart beat. Models: ['vicuna-13b-v1.5-16k']. Semaphore: Semaphore(value=5, locked=False). call_ct: 1. worker_id: b3754402. 
2023-08-15 07:37:26 | INFO | model_worker | Send heart beat. Models: ['vicuna-13b-v1.5-16k']. Semaphore: Semaphore(value=5, locked=False). call_ct: 1. worker_id: b3754402. 
2023-08-15 07:38:11 | INFO | model_worker | Send heart beat. Models: ['vicuna-13b-v1.5-16k']. Semaphore: Semaphore(value=5, locked=False). call_ct: 1. worker_id: b3754402. 
2023-08-15 07:38:56 | INFO | model_worker | Send heart beat. Models: ['vicuna-13b-v1.5-16k']. Semaphore: Semaphore(value=5, locked=False). call_ct: 1. worker_id: b3754402. 
2023-08-15 07:39:41 | INFO | model_worker | Send heart beat. Models: ['vicuna-13b-v1.5-16k']. Semaphore: Semaphore(value=5, locked=False). call_ct: 1. worker_id: b3754402. 
2023-08-15 07:40:26 | INFO | model_worker | Send heart beat. Models: ['vicuna-13b-v1.5-16k']. Semaphore: Semaphore(value=5, locked=False). call_ct: 1. worker_id: b3754402. 
2023-08-15 07:41:11 | INFO | model_worker | Send heart beat. Models: ['vicuna-13b-v1.5-16k']. Semaphore: Semaphore(value=5, locked=False). call_ct: 1. worker_id: b3754402. 
2023-08-15 07:41:56 | INFO | model_worker | Send heart beat. Models: ['vicuna-13b-v1.5-16k']. Semaphore: Semaphore(value=5, locked=False). call_ct: 1. worker_id: b3754402. 
2023-08-15 07:42:41 | INFO | model_worker | Send heart beat. Models: ['vicuna-13b-v1.5-16k']. Semaphore: Semaphore(value=5, locked=False). call_ct: 1. worker_id: b3754402. 
2023-08-15 07:43:26 | INFO | model_worker | Send heart beat. Models: ['vicuna-13b-v1.5-16k']. Semaphore: Semaphore(value=5, locked=False). call_ct: 1. worker_id: b3754402. 
2023-08-15 07:44:11 | INFO | model_worker | Send heart beat. Models: ['vicuna-13b-v1.5-16k']. Semaphore: Semaphore(value=5, locked=False). call_ct: 1. worker_id: b3754402. 
2023-08-15 07:44:56 | INFO | model_worker | Send heart beat. Models: ['vicuna-13b-v1.5-16k']. Semaphore: Semaphore(value=5, locked=False). call_ct: 1. worker_id: b3754402. 
2023-08-15 07:45:42 | INFO | model_worker | Send heart beat. Models: ['vicuna-13b-v1.5-16k']. Semaphore: Semaphore(value=5, locked=False). call_ct: 1. worker_id: b3754402. 
2023-08-15 07:46:27 | INFO | model_worker | Send heart beat. Models: ['vicuna-13b-v1.5-16k']. Semaphore: Semaphore(value=5, locked=False). call_ct: 1. worker_id: b3754402. 
2023-08-15 07:47:12 | INFO | model_worker | Send heart beat. Models: ['vicuna-13b-v1.5-16k']. Semaphore: Semaphore(value=5, locked=False). call_ct: 1. worker_id: b3754402. 
2023-08-15 07:47:57 | INFO | model_worker | Send heart beat. Models: ['vicuna-13b-v1.5-16k']. Semaphore: Semaphore(value=5, locked=False). call_ct: 1. worker_id: b3754402. 
2023-08-15 07:48:42 | INFO | model_worker | Send heart beat. Models: ['vicuna-13b-v1.5-16k']. Semaphore: Semaphore(value=5, locked=False). call_ct: 1. worker_id: b3754402. 
2023-08-15 07:49:27 | INFO | model_worker | Send heart beat. Models: ['vicuna-13b-v1.5-16k']. Semaphore: Semaphore(value=5, locked=False). call_ct: 1. worker_id: b3754402. 
2023-08-15 07:50:12 | INFO | model_worker | Send heart beat. Models: ['vicuna-13b-v1.5-16k']. Semaphore: Semaphore(value=5, locked=False). call_ct: 1. worker_id: b3754402. 
2023-08-15 07:50:57 | INFO | model_worker | Send heart beat. Models: ['vicuna-13b-v1.5-16k']. Semaphore: Semaphore(value=5, locked=False). call_ct: 1. worker_id: b3754402. 
2023-08-15 07:51:42 | INFO | model_worker | Send heart beat. Models: ['vicuna-13b-v1.5-16k']. Semaphore: Semaphore(value=5, locked=False). call_ct: 1. worker_id: b3754402. 
2023-08-15 07:52:27 | INFO | model_worker | Send heart beat. Models: ['vicuna-13b-v1.5-16k']. Semaphore: Semaphore(value=5, locked=False). call_ct: 1. worker_id: b3754402. 
2023-08-15 07:53:12 | INFO | model_worker | Send heart beat. Models: ['vicuna-13b-v1.5-16k']. Semaphore: Semaphore(value=5, locked=False). call_ct: 1. worker_id: b3754402. 
2023-08-15 07:53:57 | INFO | model_worker | Send heart beat. Models: ['vicuna-13b-v1.5-16k']. Semaphore: Semaphore(value=5, locked=False). call_ct: 1. worker_id: b3754402. 
2023-08-15 07:54:42 | INFO | model_worker | Send heart beat. Models: ['vicuna-13b-v1.5-16k']. Semaphore: Semaphore(value=5, locked=False). call_ct: 1. worker_id: b3754402. 
2023-08-15 07:55:27 | INFO | model_worker | Send heart beat. Models: ['vicuna-13b-v1.5-16k']. Semaphore: Semaphore(value=5, locked=False). call_ct: 1. worker_id: b3754402. 
2023-08-15 07:56:12 | INFO | model_worker | Send heart beat. Models: ['vicuna-13b-v1.5-16k']. Semaphore: Semaphore(value=5, locked=False). call_ct: 1. worker_id: b3754402. 
2023-08-15 07:56:57 | INFO | model_worker | Send heart beat. Models: ['vicuna-13b-v1.5-16k']. Semaphore: Semaphore(value=5, locked=False). call_ct: 1. worker_id: b3754402. 
2023-08-15 07:57:42 | INFO | model_worker | Send heart beat. Models: ['vicuna-13b-v1.5-16k']. Semaphore: Semaphore(value=5, locked=False). call_ct: 1. worker_id: b3754402. 
2023-08-15 07:58:27 | INFO | model_worker | Send heart beat. Models: ['vicuna-13b-v1.5-16k']. Semaphore: Semaphore(value=5, locked=False). call_ct: 1. worker_id: b3754402. 
2023-08-15 07:59:12 | INFO | model_worker | Send heart beat. Models: ['vicuna-13b-v1.5-16k']. Semaphore: Semaphore(value=5, locked=False). call_ct: 1. worker_id: b3754402. 
2023-08-15 07:59:58 | INFO | model_worker | Send heart beat. Models: ['vicuna-13b-v1.5-16k']. Semaphore: Semaphore(value=5, locked=False). call_ct: 1. worker_id: b3754402. 
2023-08-15 08:00:43 | INFO | model_worker | Send heart beat. Models: ['vicuna-13b-v1.5-16k']. Semaphore: Semaphore(value=5, locked=False). call_ct: 1. worker_id: b3754402. 
2023-08-15 08:01:28 | INFO | model_worker | Send heart beat. Models: ['vicuna-13b-v1.5-16k']. Semaphore: Semaphore(value=5, locked=False). call_ct: 1. worker_id: b3754402. 
2023-08-15 08:02:13 | INFO | model_worker | Send heart beat. Models: ['vicuna-13b-v1.5-16k']. Semaphore: Semaphore(value=5, locked=False). call_ct: 1. worker_id: b3754402. 
2023-08-15 08:02:58 | INFO | model_worker | Send heart beat. Models: ['vicuna-13b-v1.5-16k']. Semaphore: Semaphore(value=5, locked=False). call_ct: 1. worker_id: b3754402. 
2023-08-15 08:03:43 | INFO | model_worker | Send heart beat. Models: ['vicuna-13b-v1.5-16k']. Semaphore: Semaphore(value=5, locked=False). call_ct: 1. worker_id: b3754402. 
2023-08-15 08:04:28 | INFO | model_worker | Send heart beat. Models: ['vicuna-13b-v1.5-16k']. Semaphore: Semaphore(value=5, locked=False). call_ct: 1. worker_id: b3754402. 
2023-08-15 08:05:13 | INFO | model_worker | Send heart beat. Models: ['vicuna-13b-v1.5-16k']. Semaphore: Semaphore(value=5, locked=False). call_ct: 1. worker_id: b3754402. 
2023-08-15 08:05:58 | INFO | model_worker | Send heart beat. Models: ['vicuna-13b-v1.5-16k']. Semaphore: Semaphore(value=5, locked=False). call_ct: 1. worker_id: b3754402. 
2023-08-15 08:06:43 | INFO | model_worker | Send heart beat. Models: ['vicuna-13b-v1.5-16k']. Semaphore: Semaphore(value=5, locked=False). call_ct: 1. worker_id: b3754402. 
2023-08-15 08:07:28 | INFO | model_worker | Send heart beat. Models: ['vicuna-13b-v1.5-16k']. Semaphore: Semaphore(value=5, locked=False). call_ct: 1. worker_id: b3754402. 
2023-08-15 08:08:13 | INFO | model_worker | Send heart beat. Models: ['vicuna-13b-v1.5-16k']. Semaphore: Semaphore(value=5, locked=False). call_ct: 1. worker_id: b3754402. 
2023-08-15 08:08:58 | INFO | model_worker | Send heart beat. Models: ['vicuna-13b-v1.5-16k']. Semaphore: Semaphore(value=5, locked=False). call_ct: 1. worker_id: b3754402. 
2023-08-15 08:09:43 | INFO | model_worker | Send heart beat. Models: ['vicuna-13b-v1.5-16k']. Semaphore: Semaphore(value=5, locked=False). call_ct: 1. worker_id: b3754402. 
2023-08-15 08:10:28 | INFO | model_worker | Send heart beat. Models: ['vicuna-13b-v1.5-16k']. Semaphore: Semaphore(value=5, locked=False). call_ct: 1. worker_id: b3754402. 
2023-08-15 08:11:13 | INFO | model_worker | Send heart beat. Models: ['vicuna-13b-v1.5-16k']. Semaphore: Semaphore(value=5, locked=False). call_ct: 1. worker_id: b3754402. 
2023-08-15 08:11:58 | INFO | model_worker | Send heart beat. Models: ['vicuna-13b-v1.5-16k']. Semaphore: Semaphore(value=5, locked=False). call_ct: 1. worker_id: b3754402. 
2023-08-15 08:12:43 | INFO | model_worker | Send heart beat. Models: ['vicuna-13b-v1.5-16k']. Semaphore: Semaphore(value=5, locked=False). call_ct: 1. worker_id: b3754402. 
2023-08-15 08:13:28 | INFO | model_worker | Send heart beat. Models: ['vicuna-13b-v1.5-16k']. Semaphore: Semaphore(value=5, locked=False). call_ct: 1. worker_id: b3754402. 
2023-08-15 08:14:13 | INFO | model_worker | Send heart beat. Models: ['vicuna-13b-v1.5-16k']. Semaphore: Semaphore(value=5, locked=False). call_ct: 1. worker_id: b3754402. 
2023-08-15 08:14:59 | INFO | model_worker | Send heart beat. Models: ['vicuna-13b-v1.5-16k']. Semaphore: Semaphore(value=5, locked=False). call_ct: 1. worker_id: b3754402. 
2023-08-15 08:15:44 | INFO | model_worker | Send heart beat. Models: ['vicuna-13b-v1.5-16k']. Semaphore: Semaphore(value=5, locked=False). call_ct: 1. worker_id: b3754402. 
2023-08-15 08:16:29 | INFO | model_worker | Send heart beat. Models: ['vicuna-13b-v1.5-16k']. Semaphore: Semaphore(value=5, locked=False). call_ct: 1. worker_id: b3754402. 
2023-08-15 08:17:14 | INFO | model_worker | Send heart beat. Models: ['vicuna-13b-v1.5-16k']. Semaphore: Semaphore(value=5, locked=False). call_ct: 1. worker_id: b3754402. 
2023-08-15 08:17:59 | INFO | model_worker | Send heart beat. Models: ['vicuna-13b-v1.5-16k']. Semaphore: Semaphore(value=5, locked=False). call_ct: 1. worker_id: b3754402. 
2023-08-15 08:18:44 | INFO | model_worker | Send heart beat. Models: ['vicuna-13b-v1.5-16k']. Semaphore: Semaphore(value=5, locked=False). call_ct: 1. worker_id: b3754402. 
2023-08-15 08:19:29 | INFO | model_worker | Send heart beat. Models: ['vicuna-13b-v1.5-16k']. Semaphore: Semaphore(value=5, locked=False). call_ct: 1. worker_id: b3754402. 
2023-08-15 08:20:14 | INFO | model_worker | Send heart beat. Models: ['vicuna-13b-v1.5-16k']. Semaphore: Semaphore(value=5, locked=False). call_ct: 1. worker_id: b3754402. 
2023-08-15 08:20:59 | INFO | model_worker | Send heart beat. Models: ['vicuna-13b-v1.5-16k']. Semaphore: Semaphore(value=5, locked=False). call_ct: 1. worker_id: b3754402. 
2023-08-15 08:21:44 | INFO | model_worker | Send heart beat. Models: ['vicuna-13b-v1.5-16k']. Semaphore: Semaphore(value=5, locked=False). call_ct: 1. worker_id: b3754402. 
2023-08-15 08:22:29 | INFO | model_worker | Send heart beat. Models: ['vicuna-13b-v1.5-16k']. Semaphore: Semaphore(value=5, locked=False). call_ct: 1. worker_id: b3754402. 
2023-08-15 08:23:14 | INFO | model_worker | Send heart beat. Models: ['vicuna-13b-v1.5-16k']. Semaphore: Semaphore(value=5, locked=False). call_ct: 1. worker_id: b3754402. 
2023-08-15 08:23:59 | INFO | model_worker | Send heart beat. Models: ['vicuna-13b-v1.5-16k']. Semaphore: Semaphore(value=5, locked=False). call_ct: 1. worker_id: b3754402. 
2023-08-15 08:24:44 | INFO | model_worker | Send heart beat. Models: ['vicuna-13b-v1.5-16k']. Semaphore: Semaphore(value=5, locked=False). call_ct: 1. worker_id: b3754402. 
2023-08-15 08:25:29 | INFO | model_worker | Send heart beat. Models: ['vicuna-13b-v1.5-16k']. Semaphore: Semaphore(value=5, locked=False). call_ct: 1. worker_id: b3754402. 
2023-08-15 08:26:14 | INFO | model_worker | Send heart beat. Models: ['vicuna-13b-v1.5-16k']. Semaphore: Semaphore(value=5, locked=False). call_ct: 1. worker_id: b3754402. 
2023-08-15 08:26:59 | INFO | model_worker | Send heart beat. Models: ['vicuna-13b-v1.5-16k']. Semaphore: Semaphore(value=5, locked=False). call_ct: 1. worker_id: b3754402. 
2023-08-15 08:27:44 | INFO | model_worker | Send heart beat. Models: ['vicuna-13b-v1.5-16k']. Semaphore: Semaphore(value=5, locked=False). call_ct: 1. worker_id: b3754402. 
2023-08-15 08:28:29 | INFO | model_worker | Send heart beat. Models: ['vicuna-13b-v1.5-16k']. Semaphore: Semaphore(value=5, locked=False). call_ct: 1. worker_id: b3754402. 
2023-08-15 08:29:15 | INFO | model_worker | Send heart beat. Models: ['vicuna-13b-v1.5-16k']. Semaphore: Semaphore(value=5, locked=False). call_ct: 1. worker_id: b3754402. 
2023-08-15 08:30:00 | INFO | model_worker | Send heart beat. Models: ['vicuna-13b-v1.5-16k']. Semaphore: Semaphore(value=5, locked=False). call_ct: 1. worker_id: b3754402. 
2023-08-15 08:30:45 | INFO | model_worker | Send heart beat. Models: ['vicuna-13b-v1.5-16k']. Semaphore: Semaphore(value=5, locked=False). call_ct: 1. worker_id: b3754402. 
2023-08-15 08:31:30 | INFO | model_worker | Send heart beat. Models: ['vicuna-13b-v1.5-16k']. Semaphore: Semaphore(value=5, locked=False). call_ct: 1. worker_id: b3754402. 
2023-08-15 08:32:15 | INFO | model_worker | Send heart beat. Models: ['vicuna-13b-v1.5-16k']. Semaphore: Semaphore(value=5, locked=False). call_ct: 1. worker_id: b3754402. 
2023-08-15 08:33:00 | INFO | model_worker | Send heart beat. Models: ['vicuna-13b-v1.5-16k']. Semaphore: Semaphore(value=5, locked=False). call_ct: 1. worker_id: b3754402. 
2023-08-15 08:33:45 | INFO | model_worker | Send heart beat. Models: ['vicuna-13b-v1.5-16k']. Semaphore: Semaphore(value=5, locked=False). call_ct: 1. worker_id: b3754402. 
2023-08-15 08:34:30 | INFO | model_worker | Send heart beat. Models: ['vicuna-13b-v1.5-16k']. Semaphore: Semaphore(value=5, locked=False). call_ct: 1. worker_id: b3754402. 
2023-08-15 08:35:15 | INFO | model_worker | Send heart beat. Models: ['vicuna-13b-v1.5-16k']. Semaphore: Semaphore(value=5, locked=False). call_ct: 1. worker_id: b3754402. 
2023-08-15 08:36:00 | INFO | model_worker | Send heart beat. Models: ['vicuna-13b-v1.5-16k']. Semaphore: Semaphore(value=5, locked=False). call_ct: 1. worker_id: b3754402. 
2023-08-15 08:36:45 | INFO | model_worker | Send heart beat. Models: ['vicuna-13b-v1.5-16k']. Semaphore: Semaphore(value=5, locked=False). call_ct: 1. worker_id: b3754402. 
2023-08-15 08:37:30 | INFO | model_worker | Send heart beat. Models: ['vicuna-13b-v1.5-16k']. Semaphore: Semaphore(value=5, locked=False). call_ct: 1. worker_id: b3754402. 
2023-08-15 08:38:15 | INFO | model_worker | Send heart beat. Models: ['vicuna-13b-v1.5-16k']. Semaphore: Semaphore(value=5, locked=False). call_ct: 1. worker_id: b3754402. 
2023-08-15 08:39:00 | INFO | model_worker | Send heart beat. Models: ['vicuna-13b-v1.5-16k']. Semaphore: Semaphore(value=5, locked=False). call_ct: 1. worker_id: b3754402. 
2023-08-15 08:39:45 | INFO | model_worker | Send heart beat. Models: ['vicuna-13b-v1.5-16k']. Semaphore: Semaphore(value=5, locked=False). call_ct: 1. worker_id: b3754402. 
2023-08-15 08:40:30 | INFO | model_worker | Send heart beat. Models: ['vicuna-13b-v1.5-16k']. Semaphore: Semaphore(value=5, locked=False). call_ct: 1. worker_id: b3754402. 
2023-08-15 08:41:15 | INFO | model_worker | Send heart beat. Models: ['vicuna-13b-v1.5-16k']. Semaphore: Semaphore(value=5, locked=False). call_ct: 1. worker_id: b3754402. 
2023-08-15 08:42:00 | INFO | model_worker | Send heart beat. Models: ['vicuna-13b-v1.5-16k']. Semaphore: Semaphore(value=5, locked=False). call_ct: 1. worker_id: b3754402. 
2023-08-15 08:42:45 | INFO | model_worker | Send heart beat. Models: ['vicuna-13b-v1.5-16k']. Semaphore: Semaphore(value=5, locked=False). call_ct: 1. worker_id: b3754402. 
2023-08-15 08:43:31 | INFO | model_worker | Send heart beat. Models: ['vicuna-13b-v1.5-16k']. Semaphore: Semaphore(value=5, locked=False). call_ct: 1. worker_id: b3754402. 
2023-08-15 08:44:16 | INFO | model_worker | Send heart beat. Models: ['vicuna-13b-v1.5-16k']. Semaphore: Semaphore(value=5, locked=False). call_ct: 1. worker_id: b3754402. 
2023-08-15 08:45:01 | INFO | model_worker | Send heart beat. Models: ['vicuna-13b-v1.5-16k']. Semaphore: Semaphore(value=5, locked=False). call_ct: 1. worker_id: b3754402. 
2023-08-15 08:45:46 | INFO | model_worker | Send heart beat. Models: ['vicuna-13b-v1.5-16k']. Semaphore: Semaphore(value=5, locked=False). call_ct: 1. worker_id: b3754402. 
2023-08-15 08:46:31 | INFO | model_worker | Send heart beat. Models: ['vicuna-13b-v1.5-16k']. Semaphore: Semaphore(value=5, locked=False). call_ct: 1. worker_id: b3754402. 
2023-08-15 08:47:16 | INFO | model_worker | Send heart beat. Models: ['vicuna-13b-v1.5-16k']. Semaphore: Semaphore(value=5, locked=False). call_ct: 1. worker_id: b3754402. 
2023-08-15 08:48:01 | INFO | model_worker | Send heart beat. Models: ['vicuna-13b-v1.5-16k']. Semaphore: Semaphore(value=5, locked=False). call_ct: 1. worker_id: b3754402. 
2023-08-15 08:48:46 | INFO | model_worker | Send heart beat. Models: ['vicuna-13b-v1.5-16k']. Semaphore: Semaphore(value=5, locked=False). call_ct: 1. worker_id: b3754402. 
2023-08-15 08:49:31 | INFO | model_worker | Send heart beat. Models: ['vicuna-13b-v1.5-16k']. Semaphore: Semaphore(value=5, locked=False). call_ct: 1. worker_id: b3754402. 
2023-08-15 08:50:16 | INFO | model_worker | Send heart beat. Models: ['vicuna-13b-v1.5-16k']. Semaphore: Semaphore(value=5, locked=False). call_ct: 1. worker_id: b3754402. 
2023-08-15 08:51:01 | INFO | model_worker | Send heart beat. Models: ['vicuna-13b-v1.5-16k']. Semaphore: Semaphore(value=5, locked=False). call_ct: 1. worker_id: b3754402. 
2023-08-15 08:51:46 | INFO | model_worker | Send heart beat. Models: ['vicuna-13b-v1.5-16k']. Semaphore: Semaphore(value=5, locked=False). call_ct: 1. worker_id: b3754402. 
2023-08-15 08:52:31 | INFO | model_worker | Send heart beat. Models: ['vicuna-13b-v1.5-16k']. Semaphore: Semaphore(value=5, locked=False). call_ct: 1. worker_id: b3754402. 
2023-08-15 08:53:16 | INFO | model_worker | Send heart beat. Models: ['vicuna-13b-v1.5-16k']. Semaphore: Semaphore(value=5, locked=False). call_ct: 1. worker_id: b3754402. 
2023-08-15 08:54:01 | INFO | model_worker | Send heart beat. Models: ['vicuna-13b-v1.5-16k']. Semaphore: Semaphore(value=5, locked=False). call_ct: 1. worker_id: b3754402. 
2023-08-15 08:54:46 | INFO | model_worker | Send heart beat. Models: ['vicuna-13b-v1.5-16k']. Semaphore: Semaphore(value=5, locked=False). call_ct: 1. worker_id: b3754402. 
2023-08-15 08:55:31 | INFO | model_worker | Send heart beat. Models: ['vicuna-13b-v1.5-16k']. Semaphore: Semaphore(value=5, locked=False). call_ct: 1. worker_id: b3754402. 
2023-08-15 08:56:16 | INFO | model_worker | Send heart beat. Models: ['vicuna-13b-v1.5-16k']. Semaphore: Semaphore(value=5, locked=False). call_ct: 1. worker_id: b3754402. 
2023-08-15 08:57:01 | INFO | model_worker | Send heart beat. Models: ['vicuna-13b-v1.5-16k']. Semaphore: Semaphore(value=5, locked=False). call_ct: 1. worker_id: b3754402. 
2023-08-15 08:57:47 | INFO | model_worker | Send heart beat. Models: ['vicuna-13b-v1.5-16k']. Semaphore: Semaphore(value=5, locked=False). call_ct: 1. worker_id: b3754402. 
2023-08-15 08:58:32 | INFO | model_worker | Send heart beat. Models: ['vicuna-13b-v1.5-16k']. Semaphore: Semaphore(value=5, locked=False). call_ct: 1. worker_id: b3754402. 
2023-08-15 08:59:17 | INFO | model_worker | Send heart beat. Models: ['vicuna-13b-v1.5-16k']. Semaphore: Semaphore(value=5, locked=False). call_ct: 1. worker_id: b3754402. 
2023-08-15 09:00:02 | INFO | model_worker | Send heart beat. Models: ['vicuna-13b-v1.5-16k']. Semaphore: Semaphore(value=5, locked=False). call_ct: 1. worker_id: b3754402. 
2023-08-15 09:00:47 | INFO | model_worker | Send heart beat. Models: ['vicuna-13b-v1.5-16k']. Semaphore: Semaphore(value=5, locked=False). call_ct: 1. worker_id: b3754402. 
2023-08-15 09:01:32 | INFO | model_worker | Send heart beat. Models: ['vicuna-13b-v1.5-16k']. Semaphore: Semaphore(value=5, locked=False). call_ct: 1. worker_id: b3754402. 
2023-08-15 09:02:17 | INFO | model_worker | Send heart beat. Models: ['vicuna-13b-v1.5-16k']. Semaphore: Semaphore(value=5, locked=False). call_ct: 1. worker_id: b3754402. 
2023-08-15 09:03:02 | INFO | model_worker | Send heart beat. Models: ['vicuna-13b-v1.5-16k']. Semaphore: Semaphore(value=5, locked=False). call_ct: 1. worker_id: b3754402. 
2023-08-15 09:03:47 | INFO | model_worker | Send heart beat. Models: ['vicuna-13b-v1.5-16k']. Semaphore: Semaphore(value=5, locked=False). call_ct: 1. worker_id: b3754402. 
2023-08-15 09:04:32 | INFO | model_worker | Send heart beat. Models: ['vicuna-13b-v1.5-16k']. Semaphore: Semaphore(value=5, locked=False). call_ct: 1. worker_id: b3754402. 
2023-08-15 09:05:17 | INFO | model_worker | Send heart beat. Models: ['vicuna-13b-v1.5-16k']. Semaphore: Semaphore(value=5, locked=False). call_ct: 1. worker_id: b3754402. 
2023-08-15 09:06:02 | INFO | model_worker | Send heart beat. Models: ['vicuna-13b-v1.5-16k']. Semaphore: Semaphore(value=5, locked=False). call_ct: 1. worker_id: b3754402. 
2023-08-15 09:06:47 | INFO | model_worker | Send heart beat. Models: ['vicuna-13b-v1.5-16k']. Semaphore: Semaphore(value=5, locked=False). call_ct: 1. worker_id: b3754402. 
2023-08-15 09:07:32 | INFO | model_worker | Send heart beat. Models: ['vicuna-13b-v1.5-16k']. Semaphore: Semaphore(value=5, locked=False). call_ct: 1. worker_id: b3754402. 
2023-08-15 09:08:17 | INFO | model_worker | Send heart beat. Models: ['vicuna-13b-v1.5-16k']. Semaphore: Semaphore(value=5, locked=False). call_ct: 1. worker_id: b3754402. 
2023-08-15 09:09:02 | INFO | model_worker | Send heart beat. Models: ['vicuna-13b-v1.5-16k']. Semaphore: Semaphore(value=5, locked=False). call_ct: 1. worker_id: b3754402. 
2023-08-15 09:09:47 | INFO | model_worker | Send heart beat. Models: ['vicuna-13b-v1.5-16k']. Semaphore: Semaphore(value=5, locked=False). call_ct: 1. worker_id: b3754402. 
2023-08-15 09:10:32 | INFO | model_worker | Send heart beat. Models: ['vicuna-13b-v1.5-16k']. Semaphore: Semaphore(value=5, locked=False). call_ct: 1. worker_id: b3754402. 
2023-08-15 09:11:17 | INFO | model_worker | Send heart beat. Models: ['vicuna-13b-v1.5-16k']. Semaphore: Semaphore(value=5, locked=False). call_ct: 1. worker_id: b3754402. 
2023-08-15 09:12:03 | INFO | model_worker | Send heart beat. Models: ['vicuna-13b-v1.5-16k']. Semaphore: Semaphore(value=5, locked=False). call_ct: 1. worker_id: b3754402. 
2023-08-15 09:12:48 | INFO | model_worker | Send heart beat. Models: ['vicuna-13b-v1.5-16k']. Semaphore: Semaphore(value=5, locked=False). call_ct: 1. worker_id: b3754402. 
2023-08-15 09:13:33 | INFO | model_worker | Send heart beat. Models: ['vicuna-13b-v1.5-16k']. Semaphore: Semaphore(value=5, locked=False). call_ct: 1. worker_id: b3754402. 
2023-08-15 09:14:18 | INFO | model_worker | Send heart beat. Models: ['vicuna-13b-v1.5-16k']. Semaphore: Semaphore(value=5, locked=False). call_ct: 1. worker_id: b3754402. 
2023-08-15 09:15:03 | INFO | model_worker | Send heart beat. Models: ['vicuna-13b-v1.5-16k']. Semaphore: Semaphore(value=5, locked=False). call_ct: 1. worker_id: b3754402. 
2023-08-15 09:15:48 | INFO | model_worker | Send heart beat. Models: ['vicuna-13b-v1.5-16k']. Semaphore: Semaphore(value=5, locked=False). call_ct: 1. worker_id: b3754402. 
2023-08-15 09:16:33 | INFO | model_worker | Send heart beat. Models: ['vicuna-13b-v1.5-16k']. Semaphore: Semaphore(value=5, locked=False). call_ct: 1. worker_id: b3754402. 
2023-08-15 09:17:18 | INFO | model_worker | Send heart beat. Models: ['vicuna-13b-v1.5-16k']. Semaphore: Semaphore(value=5, locked=False). call_ct: 1. worker_id: b3754402. 
2023-08-15 09:18:03 | INFO | model_worker | Send heart beat. Models: ['vicuna-13b-v1.5-16k']. Semaphore: Semaphore(value=5, locked=False). call_ct: 1. worker_id: b3754402. 
2023-08-15 09:18:48 | INFO | model_worker | Send heart beat. Models: ['vicuna-13b-v1.5-16k']. Semaphore: Semaphore(value=5, locked=False). call_ct: 1. worker_id: b3754402. 
2023-08-15 09:19:33 | INFO | model_worker | Send heart beat. Models: ['vicuna-13b-v1.5-16k']. Semaphore: Semaphore(value=5, locked=False). call_ct: 1. worker_id: b3754402. 
2023-08-15 09:20:18 | INFO | model_worker | Send heart beat. Models: ['vicuna-13b-v1.5-16k']. Semaphore: Semaphore(value=5, locked=False). call_ct: 1. worker_id: b3754402. 
2023-08-15 09:21:03 | INFO | model_worker | Send heart beat. Models: ['vicuna-13b-v1.5-16k']. Semaphore: Semaphore(value=5, locked=False). call_ct: 1. worker_id: b3754402. 
2023-08-15 09:21:48 | INFO | model_worker | Send heart beat. Models: ['vicuna-13b-v1.5-16k']. Semaphore: Semaphore(value=5, locked=False). call_ct: 1. worker_id: b3754402. 
2023-08-15 09:22:33 | INFO | model_worker | Send heart beat. Models: ['vicuna-13b-v1.5-16k']. Semaphore: Semaphore(value=5, locked=False). call_ct: 1. worker_id: b3754402. 
2023-08-15 09:23:18 | INFO | model_worker | Send heart beat. Models: ['vicuna-13b-v1.5-16k']. Semaphore: Semaphore(value=5, locked=False). call_ct: 1. worker_id: b3754402. 
2023-08-15 09:24:03 | INFO | model_worker | Send heart beat. Models: ['vicuna-13b-v1.5-16k']. Semaphore: Semaphore(value=5, locked=False). call_ct: 1. worker_id: b3754402. 
2023-08-15 09:24:48 | INFO | model_worker | Send heart beat. Models: ['vicuna-13b-v1.5-16k']. Semaphore: Semaphore(value=5, locked=False). call_ct: 1. worker_id: b3754402. 
2023-08-15 09:25:33 | INFO | model_worker | Send heart beat. Models: ['vicuna-13b-v1.5-16k']. Semaphore: Semaphore(value=5, locked=False). call_ct: 1. worker_id: b3754402. 
2023-08-15 09:26:18 | INFO | model_worker | Send heart beat. Models: ['vicuna-13b-v1.5-16k']. Semaphore: Semaphore(value=5, locked=False). call_ct: 1. worker_id: b3754402. 
2023-08-15 09:27:03 | INFO | model_worker | Send heart beat. Models: ['vicuna-13b-v1.5-16k']. Semaphore: Semaphore(value=5, locked=False). call_ct: 1. worker_id: b3754402. 
2023-08-15 09:27:49 | INFO | model_worker | Send heart beat. Models: ['vicuna-13b-v1.5-16k']. Semaphore: Semaphore(value=5, locked=False). call_ct: 1. worker_id: b3754402. 
2023-08-15 09:28:34 | INFO | model_worker | Send heart beat. Models: ['vicuna-13b-v1.5-16k']. Semaphore: Semaphore(value=5, locked=False). call_ct: 1. worker_id: b3754402. 
2023-08-15 09:29:19 | INFO | model_worker | Send heart beat. Models: ['vicuna-13b-v1.5-16k']. Semaphore: Semaphore(value=5, locked=False). call_ct: 1. worker_id: b3754402. 
2023-08-15 09:30:04 | INFO | model_worker | Send heart beat. Models: ['vicuna-13b-v1.5-16k']. Semaphore: Semaphore(value=5, locked=False). call_ct: 1. worker_id: b3754402. 
2023-08-15 09:30:49 | INFO | model_worker | Send heart beat. Models: ['vicuna-13b-v1.5-16k']. Semaphore: Semaphore(value=5, locked=False). call_ct: 1. worker_id: b3754402. 
2023-08-15 09:31:34 | INFO | model_worker | Send heart beat. Models: ['vicuna-13b-v1.5-16k']. Semaphore: Semaphore(value=5, locked=False). call_ct: 1. worker_id: b3754402. 
2023-08-15 09:32:19 | INFO | model_worker | Send heart beat. Models: ['vicuna-13b-v1.5-16k']. Semaphore: Semaphore(value=5, locked=False). call_ct: 1. worker_id: b3754402. 
2023-08-15 09:33:04 | INFO | model_worker | Send heart beat. Models: ['vicuna-13b-v1.5-16k']. Semaphore: Semaphore(value=5, locked=False). call_ct: 1. worker_id: b3754402. 
2023-08-15 09:33:49 | INFO | model_worker | Send heart beat. Models: ['vicuna-13b-v1.5-16k']. Semaphore: Semaphore(value=5, locked=False). call_ct: 1. worker_id: b3754402. 
2023-08-15 09:34:34 | INFO | model_worker | Send heart beat. Models: ['vicuna-13b-v1.5-16k']. Semaphore: Semaphore(value=5, locked=False). call_ct: 1. worker_id: b3754402. 
2023-08-15 09:35:19 | INFO | model_worker | Send heart beat. Models: ['vicuna-13b-v1.5-16k']. Semaphore: Semaphore(value=5, locked=False). call_ct: 1. worker_id: b3754402. 
2023-08-15 09:36:04 | INFO | model_worker | Send heart beat. Models: ['vicuna-13b-v1.5-16k']. Semaphore: Semaphore(value=5, locked=False). call_ct: 1. worker_id: b3754402. 
2023-08-15 09:36:49 | INFO | model_worker | Send heart beat. Models: ['vicuna-13b-v1.5-16k']. Semaphore: Semaphore(value=5, locked=False). call_ct: 1. worker_id: b3754402. 
2023-08-15 09:37:34 | INFO | model_worker | Send heart beat. Models: ['vicuna-13b-v1.5-16k']. Semaphore: Semaphore(value=5, locked=False). call_ct: 1. worker_id: b3754402. 
2023-08-15 09:38:19 | INFO | model_worker | Send heart beat. Models: ['vicuna-13b-v1.5-16k']. Semaphore: Semaphore(value=5, locked=False). call_ct: 1. worker_id: b3754402. 
2023-08-15 09:39:04 | INFO | model_worker | Send heart beat. Models: ['vicuna-13b-v1.5-16k']. Semaphore: Semaphore(value=5, locked=False). call_ct: 1. worker_id: b3754402. 
2023-08-15 09:39:49 | INFO | model_worker | Send heart beat. Models: ['vicuna-13b-v1.5-16k']. Semaphore: Semaphore(value=5, locked=False). call_ct: 1. worker_id: b3754402. 
2023-08-15 09:40:34 | INFO | model_worker | Send heart beat. Models: ['vicuna-13b-v1.5-16k']. Semaphore: Semaphore(value=5, locked=False). call_ct: 1. worker_id: b3754402. 
2023-08-15 09:41:19 | INFO | model_worker | Send heart beat. Models: ['vicuna-13b-v1.5-16k']. Semaphore: Semaphore(value=5, locked=False). call_ct: 1. worker_id: b3754402. 
2023-08-15 09:42:04 | INFO | model_worker | Send heart beat. Models: ['vicuna-13b-v1.5-16k']. Semaphore: Semaphore(value=5, locked=False). call_ct: 1. worker_id: b3754402. 
2023-08-15 09:42:50 | INFO | model_worker | Send heart beat. Models: ['vicuna-13b-v1.5-16k']. Semaphore: Semaphore(value=5, locked=False). call_ct: 1. worker_id: b3754402. 
2023-08-15 09:43:35 | INFO | model_worker | Send heart beat. Models: ['vicuna-13b-v1.5-16k']. Semaphore: Semaphore(value=5, locked=False). call_ct: 1. worker_id: b3754402. 
2023-08-15 09:44:20 | INFO | model_worker | Send heart beat. Models: ['vicuna-13b-v1.5-16k']. Semaphore: Semaphore(value=5, locked=False). call_ct: 1. worker_id: b3754402. 
2023-08-15 09:45:05 | INFO | model_worker | Send heart beat. Models: ['vicuna-13b-v1.5-16k']. Semaphore: Semaphore(value=5, locked=False). call_ct: 1. worker_id: b3754402. 
2023-08-15 09:45:50 | INFO | model_worker | Send heart beat. Models: ['vicuna-13b-v1.5-16k']. Semaphore: Semaphore(value=5, locked=False). call_ct: 1. worker_id: b3754402. 
2023-08-15 09:46:35 | INFO | model_worker | Send heart beat. Models: ['vicuna-13b-v1.5-16k']. Semaphore: Semaphore(value=5, locked=False). call_ct: 1. worker_id: b3754402. 
2023-08-15 09:47:20 | INFO | model_worker | Send heart beat. Models: ['vicuna-13b-v1.5-16k']. Semaphore: Semaphore(value=5, locked=False). call_ct: 1. worker_id: b3754402. 
2023-08-15 09:48:05 | INFO | model_worker | Send heart beat. Models: ['vicuna-13b-v1.5-16k']. Semaphore: Semaphore(value=5, locked=False). call_ct: 1. worker_id: b3754402. 
2023-08-15 09:48:50 | INFO | model_worker | Send heart beat. Models: ['vicuna-13b-v1.5-16k']. Semaphore: Semaphore(value=5, locked=False). call_ct: 1. worker_id: b3754402. 
2023-08-15 09:49:35 | INFO | model_worker | Send heart beat. Models: ['vicuna-13b-v1.5-16k']. Semaphore: Semaphore(value=5, locked=False). call_ct: 1. worker_id: b3754402. 
2023-08-15 09:50:20 | INFO | model_worker | Send heart beat. Models: ['vicuna-13b-v1.5-16k']. Semaphore: Semaphore(value=5, locked=False). call_ct: 1. worker_id: b3754402. 
2023-08-15 09:51:05 | INFO | model_worker | Send heart beat. Models: ['vicuna-13b-v1.5-16k']. Semaphore: Semaphore(value=5, locked=False). call_ct: 1. worker_id: b3754402. 
2023-08-15 09:51:50 | INFO | model_worker | Send heart beat. Models: ['vicuna-13b-v1.5-16k']. Semaphore: Semaphore(value=5, locked=False). call_ct: 1. worker_id: b3754402. 
2023-08-15 09:52:35 | INFO | model_worker | Send heart beat. Models: ['vicuna-13b-v1.5-16k']. Semaphore: Semaphore(value=5, locked=False). call_ct: 1. worker_id: b3754402. 
2023-08-15 09:53:20 | INFO | model_worker | Send heart beat. Models: ['vicuna-13b-v1.5-16k']. Semaphore: Semaphore(value=5, locked=False). call_ct: 1. worker_id: b3754402. 
2023-08-15 09:54:05 | INFO | model_worker | Send heart beat. Models: ['vicuna-13b-v1.5-16k']. Semaphore: Semaphore(value=5, locked=False). call_ct: 1. worker_id: b3754402. 
2023-08-15 09:54:50 | INFO | model_worker | Send heart beat. Models: ['vicuna-13b-v1.5-16k']. Semaphore: Semaphore(value=5, locked=False). call_ct: 1. worker_id: b3754402. 
2023-08-15 09:55:35 | INFO | model_worker | Send heart beat. Models: ['vicuna-13b-v1.5-16k']. Semaphore: Semaphore(value=5, locked=False). call_ct: 1. worker_id: b3754402. 
2023-08-15 09:56:20 | INFO | model_worker | Send heart beat. Models: ['vicuna-13b-v1.5-16k']. Semaphore: Semaphore(value=5, locked=False). call_ct: 1. worker_id: b3754402. 
2023-08-15 09:57:05 | INFO | model_worker | Send heart beat. Models: ['vicuna-13b-v1.5-16k']. Semaphore: Semaphore(value=5, locked=False). call_ct: 1. worker_id: b3754402. 
2023-08-15 09:57:50 | INFO | model_worker | Send heart beat. Models: ['vicuna-13b-v1.5-16k']. Semaphore: Semaphore(value=5, locked=False). call_ct: 1. worker_id: b3754402. 
2023-08-15 09:58:36 | INFO | model_worker | Send heart beat. Models: ['vicuna-13b-v1.5-16k']. Semaphore: Semaphore(value=5, locked=False). call_ct: 1. worker_id: b3754402. 
2023-08-15 09:59:21 | INFO | model_worker | Send heart beat. Models: ['vicuna-13b-v1.5-16k']. Semaphore: Semaphore(value=5, locked=False). call_ct: 1. worker_id: b3754402. 
2023-08-15 10:00:06 | INFO | model_worker | Send heart beat. Models: ['vicuna-13b-v1.5-16k']. Semaphore: Semaphore(value=5, locked=False). call_ct: 1. worker_id: b3754402. 
2023-08-15 10:00:51 | INFO | model_worker | Send heart beat. Models: ['vicuna-13b-v1.5-16k']. Semaphore: Semaphore(value=5, locked=False). call_ct: 1. worker_id: b3754402. 
